mode: atomic
github.com/flyteorg/flytectl/cmd/config/subcommand/compile/config_flags.go:17.57,18.53 1 0
github.com/flyteorg/flytectl/cmd/config/subcommand/compile/config_flags.go:28.2,28.10 1 0
github.com/flyteorg/flytectl/cmd/config/subcommand/compile/config_flags.go:18.53,19.33 1 0
github.com/flyteorg/flytectl/cmd/config/subcommand/compile/config_flags.go:19.33,21.4 1 0
github.com/flyteorg/flytectl/cmd/config/subcommand/compile/config_flags.go:21.9,23.4 1 0
github.com/flyteorg/flytectl/cmd/config/subcommand/compile/config_flags.go:24.8,24.21 1 0
github.com/flyteorg/flytectl/cmd/config/subcommand/compile/config_flags.go:24.21,26.3 1 0
github.com/flyteorg/flytectl/cmd/config/subcommand/compile/config_flags.go:31.53,33.16 2 0
github.com/flyteorg/flytectl/cmd/config/subcommand/compile/config_flags.go:37.2,37.20 1 0
github.com/flyteorg/flytectl/cmd/config/subcommand/compile/config_flags.go:33.16,34.13 1 0
github.com/flyteorg/flytectl/cmd/config/subcommand/compile/config_flags.go:40.56,42.16 2 0
github.com/flyteorg/flytectl/cmd/config/subcommand/compile/config_flags.go:46.2,46.20 1 0
github.com/flyteorg/flytectl/cmd/config/subcommand/compile/config_flags.go:42.16,43.13 1 0
github.com/flyteorg/flytectl/cmd/config/subcommand/compile/config_flags.go:51.61,55.2 3 2
github.com/flyteorg/flytectl/cmd/config/subcommand/config/config_flags.go:17.57,18.53 1 0
github.com/flyteorg/flytectl/cmd/config/subcommand/config/config_flags.go:28.2,28.10 1 0
github.com/flyteorg/flytectl/cmd/config/subcommand/config/config_flags.go:18.53,19.33 1 0
github.com/flyteorg/flytectl/cmd/config/subcommand/config/config_flags.go:19.33,21.4 1 0
github.com/flyteorg/flytectl/cmd/config/subcommand/config/config_flags.go:21.9,23.4 1 0
github.com/flyteorg/flytectl/cmd/config/subcommand/config/config_flags.go:24.8,24.21 1 0
github.com/flyteorg/flytectl/cmd/config/subcommand/config/config_flags.go:24.21,26.3 1 0
github.com/flyteorg/flytectl/cmd/config/subcommand/config/config_flags.go:31.53,33.16 2 0
github.com/flyteorg/flytectl/cmd/config/subcommand/config/config_flags.go:37.2,37.20 1 0
github.com/flyteorg/flytectl/cmd/config/subcommand/config/config_flags.go:33.16,34.13 1 0
github.com/flyteorg/flytectl/cmd/config/subcommand/config/config_flags.go:40.56,42.16 2 0
github.com/flyteorg/flytectl/cmd/config/subcommand/config/config_flags.go:46.2,46.20 1 0
github.com/flyteorg/flytectl/cmd/config/subcommand/config/config_flags.go:42.16,43.13 1 0
github.com/flyteorg/flytectl/cmd/config/subcommand/config/config_flags.go:51.61,56.2 4 2
github.com/flyteorg/flytectl/cmd/config/subcommand/clusterresourceattribute/file_config.go:18.62,24.2 1 1
github.com/flyteorg/flytectl/cmd/config/subcommand/clusterresourceattribute/file_config.go:27.82,28.30 1 1
github.com/flyteorg/flytectl/cmd/config/subcommand/clusterresourceattribute/file_config.go:31.2,31.80 1 1
github.com/flyteorg/flytectl/cmd/config/subcommand/clusterresourceattribute/file_config.go:28.30,30.3 1 0
github.com/flyteorg/flytectl/cmd/config/subcommand/clusterresourceattribute/file_config.go:35.45,37.2 1 1
github.com/flyteorg/flytectl/cmd/config/subcommand/clusterresourceattribute/file_config.go:40.44,42.2 1 1
github.com/flyteorg/flytectl/cmd/config/subcommand/clusterresourceattribute/file_config.go:45.46,47.2 1 1
github.com/flyteorg/flytectl/cmd/config/subcommand/clusterresourceattribute/attrdeleteconfig_flags.go:17.67,18.53 1 0
github.com/flyteorg/flytectl/cmd/config/subcommand/clusterresourceattribute/attrdeleteconfig_flags.go:28.2,28.10 1 0
github.com/flyteorg/flytectl/cmd/config/subcommand/clusterresourceattribute/attrdeleteconfig_flags.go:18.53,19.33 1 0
github.com/flyteorg/flytectl/cmd/config/subcommand/clusterresourceattribute/attrdeleteconfig_flags.go:19.33,21.4 1 0
github.com/flyteorg/flytectl/cmd/config/subcommand/clusterresourceattribute/attrdeleteconfig_flags.go:21.9,23.4 1 0
github.com/flyteorg/flytectl/cmd/config/subcommand/clusterresourceattribute/attrdeleteconfig_flags.go:24.8,24.21 1 0
github.com/flyteorg/flytectl/cmd/config/subcommand/clusterresourceattribute/attrdeleteconfig_flags.go:24.21,26.3 1 0
github.com/flyteorg/flytectl/cmd/config/subcommand/clusterresourceattribute/attrdeleteconfig_flags.go:31.63,33.16 2 0
github.com/flyteorg/flytectl/cmd/config/subcommand/clusterresourceattribute/attrdeleteconfig_flags.go:37.2,37.20 1 0
github.com/flyteorg/flytectl/cmd/config/subcommand/clusterresourceattribute/attrdeleteconfig_flags.go:33.16,34.13 1 0
github.com/flyteorg/flytectl/cmd/config/subcommand/clusterresourceattribute/attrdeleteconfig_flags.go:40.66,42.16 2 0
github.com/flyteorg/flytectl/cmd/config/subcommand/clusterresourceattribute/attrdeleteconfig_flags.go:46.2,46.20 1 0
github.com/flyteorg/flytectl/cmd/config/subcommand/clusterresourceattribute/attrdeleteconfig_flags.go:42.16,43.13 1 0
github.com/flyteorg/flytectl/cmd/config/subcommand/clusterresourceattribute/attrdeleteconfig_flags.go:51.71,56.2 4 2
github.com/flyteorg/flytectl/cmd/config/subcommand/clusterresourceattribute/attrfetchconfig_flags.go:17.66,18.53 1 0
github.com/flyteorg/flytectl/cmd/config/subcommand/clusterresourceattribute/attrfetchconfig_flags.go:28.2,28.10 1 0
github.com/flyteorg/flytectl/cmd/config/subcommand/clusterresourceattribute/attrfetchconfig_flags.go:18.53,19.33 1 0
github.com/flyteorg/flytectl/cmd/config/subcommand/clusterresourceattribute/attrfetchconfig_flags.go:19.33,21.4 1 0
github.com/flyteorg/flytectl/cmd/config/subcommand/clusterresourceattribute/attrfetchconfig_flags.go:21.9,23.4 1 0
github.com/flyteorg/flytectl/cmd/config/subcommand/clusterresourceattribute/attrfetchconfig_flags.go:24.8,24.21 1 0
github.com/flyteorg/flytectl/cmd/config/subcommand/clusterresourceattribute/attrfetchconfig_flags.go:24.21,26.3 1 0
github.com/flyteorg/flytectl/cmd/config/subcommand/clusterresourceattribute/attrfetchconfig_flags.go:31.62,33.16 2 0
github.com/flyteorg/flytectl/cmd/config/subcommand/clusterresourceattribute/attrfetchconfig_flags.go:37.2,37.20 1 0
github.com/flyteorg/flytectl/cmd/config/subcommand/clusterresourceattribute/attrfetchconfig_flags.go:33.16,34.13 1 0
github.com/flyteorg/flytectl/cmd/config/subcommand/clusterresourceattribute/attrfetchconfig_flags.go:40.65,42.16 2 0
github.com/flyteorg/flytectl/cmd/config/subcommand/clusterresourceattribute/attrfetchconfig_flags.go:46.2,46.20 1 0
github.com/flyteorg/flytectl/cmd/config/subcommand/clusterresourceattribute/attrfetchconfig_flags.go:42.16,43.13 1 0
github.com/flyteorg/flytectl/cmd/config/subcommand/clusterresourceattribute/attrfetchconfig_flags.go:51.70,55.2 3 2
github.com/flyteorg/flytectl/cmd/config/subcommand/clusterresourceattribute/attrupdateconfig_flags.go:17.67,18.53 1 0
github.com/flyteorg/flytectl/cmd/config/subcommand/clusterresourceattribute/attrupdateconfig_flags.go:28.2,28.10 1 0
github.com/flyteorg/flytectl/cmd/config/subcommand/clusterresourceattribute/attrupdateconfig_flags.go:18.53,19.33 1 0
github.com/flyteorg/flytectl/cmd/config/subcommand/clusterresourceattribute/attrupdateconfig_flags.go:19.33,21.4 1 0
github.com/flyteorg/flytectl/cmd/config/subcommand/clusterresourceattribute/attrupdateconfig_flags.go:21.9,23.4 1 0
github.com/flyteorg/flytectl/cmd/config/subcommand/clusterresourceattribute/attrupdateconfig_flags.go:24.8,24.21 1 0
github.com/flyteorg/flytectl/cmd/config/subcommand/clusterresourceattribute/attrupdateconfig_flags.go:24.21,26.3 1 0
github.com/flyteorg/flytectl/cmd/config/subcommand/clusterresourceattribute/attrupdateconfig_flags.go:31.63,33.16 2 0
github.com/flyteorg/flytectl/cmd/config/subcommand/clusterresourceattribute/attrupdateconfig_flags.go:37.2,37.20 1 0
github.com/flyteorg/flytectl/cmd/config/subcommand/clusterresourceattribute/attrupdateconfig_flags.go:33.16,34.13 1 0
github.com/flyteorg/flytectl/cmd/config/subcommand/clusterresourceattribute/attrupdateconfig_flags.go:40.66,42.16 2 0
github.com/flyteorg/flytectl/cmd/config/subcommand/clusterresourceattribute/attrupdateconfig_flags.go:46.2,46.20 1 0
github.com/flyteorg/flytectl/cmd/config/subcommand/clusterresourceattribute/attrupdateconfig_flags.go:42.16,43.13 1 0
github.com/flyteorg/flytectl/cmd/config/subcommand/clusterresourceattribute/attrupdateconfig_flags.go:51.71,56.2 4 2
github.com/flyteorg/flytectl/cmd/config/subcommand/execution/config_flags.go:17.57,18.53 1 0
github.com/flyteorg/flytectl/cmd/config/subcommand/execution/config_flags.go:28.2,28.10 1 0
github.com/flyteorg/flytectl/cmd/config/subcommand/execution/config_flags.go:18.53,19.33 1 0
github.com/flyteorg/flytectl/cmd/config/subcommand/execution/config_flags.go:19.33,21.4 1 0
github.com/flyteorg/flytectl/cmd/config/subcommand/execution/config_flags.go:21.9,23.4 1 0
github.com/flyteorg/flytectl/cmd/config/subcommand/execution/config_flags.go:24.8,24.21 1 0
github.com/flyteorg/flytectl/cmd/config/subcommand/execution/config_flags.go:24.21,26.3 1 0
github.com/flyteorg/flytectl/cmd/config/subcommand/execution/config_flags.go:31.53,33.16 2 0
github.com/flyteorg/flytectl/cmd/config/subcommand/execution/config_flags.go:37.2,37.20 1 0
github.com/flyteorg/flytectl/cmd/config/subcommand/execution/config_flags.go:33.16,34.13 1 0
github.com/flyteorg/flytectl/cmd/config/subcommand/execution/config_flags.go:40.56,42.16 2 0
github.com/flyteorg/flytectl/cmd/config/subcommand/execution/config_flags.go:46.2,46.20 1 0
github.com/flyteorg/flytectl/cmd/config/subcommand/execution/config_flags.go:42.16,43.13 1 0
github.com/flyteorg/flytectl/cmd/config/subcommand/execution/config_flags.go:51.61,61.2 9 2
github.com/flyteorg/flytectl/cmd/config/subcommand/execution/execdeleteconfig_flags.go:17.67,18.53 1 0
github.com/flyteorg/flytectl/cmd/config/subcommand/execution/execdeleteconfig_flags.go:28.2,28.10 1 0
github.com/flyteorg/flytectl/cmd/config/subcommand/execution/execdeleteconfig_flags.go:18.53,19.33 1 0
github.com/flyteorg/flytectl/cmd/config/subcommand/execution/execdeleteconfig_flags.go:19.33,21.4 1 0
github.com/flyteorg/flytectl/cmd/config/subcommand/execution/execdeleteconfig_flags.go:21.9,23.4 1 0
github.com/flyteorg/flytectl/cmd/config/subcommand/execution/execdeleteconfig_flags.go:24.8,24.21 1 0
github.com/flyteorg/flytectl/cmd/config/subcommand/execution/execdeleteconfig_flags.go:24.21,26.3 1 0
github.com/flyteorg/flytectl/cmd/config/subcommand/execution/execdeleteconfig_flags.go:31.63,33.16 2 0
github.com/flyteorg/flytectl/cmd/config/subcommand/execution/execdeleteconfig_flags.go:37.2,37.20 1 0
github.com/flyteorg/flytectl/cmd/config/subcommand/execution/execdeleteconfig_flags.go:33.16,34.13 1 0
github.com/flyteorg/flytectl/cmd/config/subcommand/execution/execdeleteconfig_flags.go:40.66,42.16 2 0
github.com/flyteorg/flytectl/cmd/config/subcommand/execution/execdeleteconfig_flags.go:46.2,46.20 1 0
github.com/flyteorg/flytectl/cmd/config/subcommand/execution/execdeleteconfig_flags.go:42.16,43.13 1 0
github.com/flyteorg/flytectl/cmd/config/subcommand/execution/execdeleteconfig_flags.go:51.71,55.2 3 2
github.com/flyteorg/flytectl/cmd/config/subcommand/execution/updateconfig_flags.go:17.63,18.53 1 0
github.com/flyteorg/flytectl/cmd/config/subcommand/execution/updateconfig_flags.go:28.2,28.10 1 0
github.com/flyteorg/flytectl/cmd/config/subcommand/execution/updateconfig_flags.go:18.53,19.33 1 0
github.com/flyteorg/flytectl/cmd/config/subcommand/execution/updateconfig_flags.go:19.33,21.4 1 0
github.com/flyteorg/flytectl/cmd/config/subcommand/execution/updateconfig_flags.go:21.9,23.4 1 0
github.com/flyteorg/flytectl/cmd/config/subcommand/execution/updateconfig_flags.go:24.8,24.21 1 0
github.com/flyteorg/flytectl/cmd/config/subcommand/execution/updateconfig_flags.go:24.21,26.3 1 0
github.com/flyteorg/flytectl/cmd/config/subcommand/execution/updateconfig_flags.go:31.59,33.16 2 0
github.com/flyteorg/flytectl/cmd/config/subcommand/execution/updateconfig_flags.go:37.2,37.20 1 0
github.com/flyteorg/flytectl/cmd/config/subcommand/execution/updateconfig_flags.go:33.16,34.13 1 0
github.com/flyteorg/flytectl/cmd/config/subcommand/execution/updateconfig_flags.go:40.62,42.16 2 0
github.com/flyteorg/flytectl/cmd/config/subcommand/execution/updateconfig_flags.go:46.2,46.20 1 0
github.com/flyteorg/flytectl/cmd/config/subcommand/execution/updateconfig_flags.go:42.16,43.13 1 0
github.com/flyteorg/flytectl/cmd/config/subcommand/execution/updateconfig_flags.go:51.67,57.2 5 2
github.com/flyteorg/flytectl/cmd/config/subcommand/executionqueueattribute/file_config.go:18.62,24.2 1 1
github.com/flyteorg/flytectl/cmd/config/subcommand/executionqueueattribute/file_config.go:27.82,28.30 1 1
github.com/flyteorg/flytectl/cmd/config/subcommand/executionqueueattribute/file_config.go:31.2,31.78 1 1
github.com/flyteorg/flytectl/cmd/config/subcommand/executionqueueattribute/file_config.go:28.30,30.3 1 0
github.com/flyteorg/flytectl/cmd/config/subcommand/executionqueueattribute/file_config.go:35.45,37.2 1 1
github.com/flyteorg/flytectl/cmd/config/subcommand/executionqueueattribute/file_config.go:40.44,42.2 1 1
github.com/flyteorg/flytectl/cmd/config/subcommand/executionqueueattribute/file_config.go:45.46,47.2 1 1
github.com/flyteorg/flytectl/cmd/config/subcommand/executionqueueattribute/attrdeleteconfig_flags.go:17.67,18.53 1 0
github.com/flyteorg/flytectl/cmd/config/subcommand/executionqueueattribute/attrdeleteconfig_flags.go:28.2,28.10 1 0
github.com/flyteorg/flytectl/cmd/config/subcommand/executionqueueattribute/attrdeleteconfig_flags.go:18.53,19.33 1 0
github.com/flyteorg/flytectl/cmd/config/subcommand/executionqueueattribute/attrdeleteconfig_flags.go:19.33,21.4 1 0
github.com/flyteorg/flytectl/cmd/config/subcommand/executionqueueattribute/attrdeleteconfig_flags.go:21.9,23.4 1 0
github.com/flyteorg/flytectl/cmd/config/subcommand/executionqueueattribute/attrdeleteconfig_flags.go:24.8,24.21 1 0
github.com/flyteorg/flytectl/cmd/config/subcommand/executionqueueattribute/attrdeleteconfig_flags.go:24.21,26.3 1 0
github.com/flyteorg/flytectl/cmd/config/subcommand/executionqueueattribute/attrdeleteconfig_flags.go:31.63,33.16 2 0
github.com/flyteorg/flytectl/cmd/config/subcommand/executionqueueattribute/attrdeleteconfig_flags.go:37.2,37.20 1 0
github.com/flyteorg/flytectl/cmd/config/subcommand/executionqueueattribute/attrdeleteconfig_flags.go:33.16,34.13 1 0
github.com/flyteorg/flytectl/cmd/config/subcommand/executionqueueattribute/attrdeleteconfig_flags.go:40.66,42.16 2 0
github.com/flyteorg/flytectl/cmd/config/subcommand/executionqueueattribute/attrdeleteconfig_flags.go:46.2,46.20 1 0
github.com/flyteorg/flytectl/cmd/config/subcommand/executionqueueattribute/attrdeleteconfig_flags.go:42.16,43.13 1 0
github.com/flyteorg/flytectl/cmd/config/subcommand/executionqueueattribute/attrdeleteconfig_flags.go:51.71,56.2 4 2
github.com/flyteorg/flytectl/cmd/config/subcommand/executionqueueattribute/attrfetchconfig_flags.go:17.66,18.53 1 0
github.com/flyteorg/flytectl/cmd/config/subcommand/executionqueueattribute/attrfetchconfig_flags.go:28.2,28.10 1 0
github.com/flyteorg/flytectl/cmd/config/subcommand/executionqueueattribute/attrfetchconfig_flags.go:18.53,19.33 1 0
github.com/flyteorg/flytectl/cmd/config/subcommand/executionqueueattribute/attrfetchconfig_flags.go:19.33,21.4 1 0
github.com/flyteorg/flytectl/cmd/config/subcommand/executionqueueattribute/attrfetchconfig_flags.go:21.9,23.4 1 0
github.com/flyteorg/flytectl/cmd/config/subcommand/executionqueueattribute/attrfetchconfig_flags.go:24.8,24.21 1 0
github.com/flyteorg/flytectl/cmd/config/subcommand/executionqueueattribute/attrfetchconfig_flags.go:24.21,26.3 1 0
github.com/flyteorg/flytectl/cmd/config/subcommand/executionqueueattribute/attrfetchconfig_flags.go:31.62,33.16 2 0
github.com/flyteorg/flytectl/cmd/config/subcommand/executionqueueattribute/attrfetchconfig_flags.go:37.2,37.20 1 0
github.com/flyteorg/flytectl/cmd/config/subcommand/executionqueueattribute/attrfetchconfig_flags.go:33.16,34.13 1 0
github.com/flyteorg/flytectl/cmd/config/subcommand/executionqueueattribute/attrfetchconfig_flags.go:40.65,42.16 2 0
github.com/flyteorg/flytectl/cmd/config/subcommand/executionqueueattribute/attrfetchconfig_flags.go:46.2,46.20 1 0
github.com/flyteorg/flytectl/cmd/config/subcommand/executionqueueattribute/attrfetchconfig_flags.go:42.16,43.13 1 0
github.com/flyteorg/flytectl/cmd/config/subcommand/executionqueueattribute/attrfetchconfig_flags.go:51.70,55.2 3 2
github.com/flyteorg/flytectl/cmd/config/subcommand/executionqueueattribute/attrupdateconfig_flags.go:17.67,18.53 1 0
github.com/flyteorg/flytectl/cmd/config/subcommand/executionqueueattribute/attrupdateconfig_flags.go:28.2,28.10 1 0
github.com/flyteorg/flytectl/cmd/config/subcommand/executionqueueattribute/attrupdateconfig_flags.go:18.53,19.33 1 0
github.com/flyteorg/flytectl/cmd/config/subcommand/executionqueueattribute/attrupdateconfig_flags.go:19.33,21.4 1 0
github.com/flyteorg/flytectl/cmd/config/subcommand/executionqueueattribute/attrupdateconfig_flags.go:21.9,23.4 1 0
github.com/flyteorg/flytectl/cmd/config/subcommand/executionqueueattribute/attrupdateconfig_flags.go:24.8,24.21 1 0
github.com/flyteorg/flytectl/cmd/config/subcommand/executionqueueattribute/attrupdateconfig_flags.go:24.21,26.3 1 0
github.com/flyteorg/flytectl/cmd/config/subcommand/executionqueueattribute/attrupdateconfig_flags.go:31.63,33.16 2 0
github.com/flyteorg/flytectl/cmd/config/subcommand/executionqueueattribute/attrupdateconfig_flags.go:37.2,37.20 1 0
github.com/flyteorg/flytectl/cmd/config/subcommand/executionqueueattribute/attrupdateconfig_flags.go:33.16,34.13 1 0
github.com/flyteorg/flytectl/cmd/config/subcommand/executionqueueattribute/attrupdateconfig_flags.go:40.66,42.16 2 0
github.com/flyteorg/flytectl/cmd/config/subcommand/executionqueueattribute/attrupdateconfig_flags.go:46.2,46.20 1 0
github.com/flyteorg/flytectl/cmd/config/subcommand/executionqueueattribute/attrupdateconfig_flags.go:42.16,43.13 1 0
github.com/flyteorg/flytectl/cmd/config/subcommand/executionqueueattribute/attrupdateconfig_flags.go:51.71,56.2 4 2
github.com/flyteorg/flytectl/cmd/config/subcommand/executionclusterlabel/attrdeleteconfig_flags.go:17.67,18.53 1 0
github.com/flyteorg/flytectl/cmd/config/subcommand/executionclusterlabel/attrdeleteconfig_flags.go:28.2,28.10 1 0
github.com/flyteorg/flytectl/cmd/config/subcommand/executionclusterlabel/attrdeleteconfig_flags.go:18.53,19.33 1 0
github.com/flyteorg/flytectl/cmd/config/subcommand/executionclusterlabel/attrdeleteconfig_flags.go:19.33,21.4 1 0
github.com/flyteorg/flytectl/cmd/config/subcommand/executionclusterlabel/attrdeleteconfig_flags.go:21.9,23.4 1 0
github.com/flyteorg/flytectl/cmd/config/subcommand/executionclusterlabel/attrdeleteconfig_flags.go:24.8,24.21 1 0
github.com/flyteorg/flytectl/cmd/config/subcommand/executionclusterlabel/attrdeleteconfig_flags.go:24.21,26.3 1 0
github.com/flyteorg/flytectl/cmd/config/subcommand/executionclusterlabel/attrdeleteconfig_flags.go:31.63,33.16 2 0
github.com/flyteorg/flytectl/cmd/config/subcommand/executionclusterlabel/attrdeleteconfig_flags.go:37.2,37.20 1 0
github.com/flyteorg/flytectl/cmd/config/subcommand/executionclusterlabel/attrdeleteconfig_flags.go:33.16,34.13 1 0
github.com/flyteorg/flytectl/cmd/config/subcommand/executionclusterlabel/attrdeleteconfig_flags.go:40.66,42.16 2 0
github.com/flyteorg/flytectl/cmd/config/subcommand/executionclusterlabel/attrdeleteconfig_flags.go:46.2,46.20 1 0
github.com/flyteorg/flytectl/cmd/config/subcommand/executionclusterlabel/attrdeleteconfig_flags.go:42.16,43.13 1 0
github.com/flyteorg/flytectl/cmd/config/subcommand/executionclusterlabel/attrdeleteconfig_flags.go:51.71,56.2 4 2
github.com/flyteorg/flytectl/cmd/config/subcommand/executionclusterlabel/attrfetchconfig_flags.go:17.66,18.53 1 0
github.com/flyteorg/flytectl/cmd/config/subcommand/executionclusterlabel/attrfetchconfig_flags.go:28.2,28.10 1 0
github.com/flyteorg/flytectl/cmd/config/subcommand/executionclusterlabel/attrfetchconfig_flags.go:18.53,19.33 1 0
github.com/flyteorg/flytectl/cmd/config/subcommand/executionclusterlabel/attrfetchconfig_flags.go:19.33,21.4 1 0
github.com/flyteorg/flytectl/cmd/config/subcommand/executionclusterlabel/attrfetchconfig_flags.go:21.9,23.4 1 0
github.com/flyteorg/flytectl/cmd/config/subcommand/executionclusterlabel/attrfetchconfig_flags.go:24.8,24.21 1 0
github.com/flyteorg/flytectl/cmd/config/subcommand/executionclusterlabel/attrfetchconfig_flags.go:24.21,26.3 1 0
github.com/flyteorg/flytectl/cmd/config/subcommand/executionclusterlabel/attrfetchconfig_flags.go:31.62,33.16 2 0
github.com/flyteorg/flytectl/cmd/config/subcommand/executionclusterlabel/attrfetchconfig_flags.go:37.2,37.20 1 0
github.com/flyteorg/flytectl/cmd/config/subcommand/executionclusterlabel/attrfetchconfig_flags.go:33.16,34.13 1 0
github.com/flyteorg/flytectl/cmd/config/subcommand/executionclusterlabel/attrfetchconfig_flags.go:40.65,42.16 2 0
github.com/flyteorg/flytectl/cmd/config/subcommand/executionclusterlabel/attrfetchconfig_flags.go:46.2,46.20 1 0
github.com/flyteorg/flytectl/cmd/config/subcommand/executionclusterlabel/attrfetchconfig_flags.go:42.16,43.13 1 0
github.com/flyteorg/flytectl/cmd/config/subcommand/executionclusterlabel/attrfetchconfig_flags.go:51.70,55.2 3 2
github.com/flyteorg/flytectl/cmd/config/subcommand/executionclusterlabel/attrupdateconfig_flags.go:17.67,18.53 1 0
github.com/flyteorg/flytectl/cmd/config/subcommand/executionclusterlabel/attrupdateconfig_flags.go:28.2,28.10 1 0
github.com/flyteorg/flytectl/cmd/config/subcommand/executionclusterlabel/attrupdateconfig_flags.go:18.53,19.33 1 0
github.com/flyteorg/flytectl/cmd/config/subcommand/executionclusterlabel/attrupdateconfig_flags.go:19.33,21.4 1 0
github.com/flyteorg/flytectl/cmd/config/subcommand/executionclusterlabel/attrupdateconfig_flags.go:21.9,23.4 1 0
github.com/flyteorg/flytectl/cmd/config/subcommand/executionclusterlabel/attrupdateconfig_flags.go:24.8,24.21 1 0
github.com/flyteorg/flytectl/cmd/config/subcommand/executionclusterlabel/attrupdateconfig_flags.go:24.21,26.3 1 0
github.com/flyteorg/flytectl/cmd/config/subcommand/executionclusterlabel/attrupdateconfig_flags.go:31.63,33.16 2 0
github.com/flyteorg/flytectl/cmd/config/subcommand/executionclusterlabel/attrupdateconfig_flags.go:37.2,37.20 1 0
github.com/flyteorg/flytectl/cmd/config/subcommand/executionclusterlabel/attrupdateconfig_flags.go:33.16,34.13 1 0
github.com/flyteorg/flytectl/cmd/config/subcommand/executionclusterlabel/attrupdateconfig_flags.go:40.66,42.16 2 0
github.com/flyteorg/flytectl/cmd/config/subcommand/executionclusterlabel/attrupdateconfig_flags.go:46.2,46.20 1 0
github.com/flyteorg/flytectl/cmd/config/subcommand/executionclusterlabel/attrupdateconfig_flags.go:42.16,43.13 1 0
github.com/flyteorg/flytectl/cmd/config/subcommand/executionclusterlabel/attrupdateconfig_flags.go:51.71,56.2 4 2
github.com/flyteorg/flytectl/cmd/config/subcommand/executionclusterlabel/file_config.go:18.58,24.2 1 1
github.com/flyteorg/flytectl/cmd/config/subcommand/executionclusterlabel/file_config.go:27.78,28.30 1 1
github.com/flyteorg/flytectl/cmd/config/subcommand/executionclusterlabel/file_config.go:31.2,31.72 1 1
github.com/flyteorg/flytectl/cmd/config/subcommand/executionclusterlabel/file_config.go:28.30,30.3 1 0
github.com/flyteorg/flytectl/cmd/config/subcommand/executionclusterlabel/file_config.go:35.41,37.2 1 1
github.com/flyteorg/flytectl/cmd/config/subcommand/executionclusterlabel/file_config.go:40.40,42.2 1 1
github.com/flyteorg/flytectl/cmd/config/subcommand/executionclusterlabel/file_config.go:45.42,47.2 1 1
github.com/flyteorg/flytectl/cmd/config/config.go:28.64,30.2 1 2
github.com/flyteorg/flytectl/cmd/config/config.go:33.59,35.16 2 1
github.com/flyteorg/flytectl/cmd/config/config.go:38.2,38.10 1 0
github.com/flyteorg/flytectl/cmd/config/config.go:35.16,36.112 1 1
github.com/flyteorg/flytectl/cmd/config/config.go:42.26,44.2 1 0
github.com/flyteorg/flytectl/cmd/config/subcommand/launchplan/updateconfig_flags.go:17.63,18.53 1 0
github.com/flyteorg/flytectl/cmd/config/subcommand/launchplan/updateconfig_flags.go:28.2,28.10 1 0
github.com/flyteorg/flytectl/cmd/config/subcommand/launchplan/updateconfig_flags.go:18.53,19.33 1 0
github.com/flyteorg/flytectl/cmd/config/subcommand/launchplan/updateconfig_flags.go:19.33,21.4 1 0
github.com/flyteorg/flytectl/cmd/config/subcommand/launchplan/updateconfig_flags.go:21.9,23.4 1 0
github.com/flyteorg/flytectl/cmd/config/subcommand/launchplan/updateconfig_flags.go:24.8,24.21 1 0
github.com/flyteorg/flytectl/cmd/config/subcommand/launchplan/updateconfig_flags.go:24.21,26.3 1 0
github.com/flyteorg/flytectl/cmd/config/subcommand/launchplan/updateconfig_flags.go:31.59,33.16 2 0
github.com/flyteorg/flytectl/cmd/config/subcommand/launchplan/updateconfig_flags.go:37.2,37.20 1 0
github.com/flyteorg/flytectl/cmd/config/subcommand/launchplan/updateconfig_flags.go:33.16,34.13 1 0
github.com/flyteorg/flytectl/cmd/config/subcommand/launchplan/updateconfig_flags.go:40.62,42.16 2 0
github.com/flyteorg/flytectl/cmd/config/subcommand/launchplan/updateconfig_flags.go:46.2,46.20 1 0
github.com/flyteorg/flytectl/cmd/config/subcommand/launchplan/updateconfig_flags.go:42.16,43.13 1 0
github.com/flyteorg/flytectl/cmd/config/subcommand/launchplan/updateconfig_flags.go:51.67,58.2 6 2
github.com/flyteorg/flytectl/cmd/config/subcommand/launchplan/config_flags.go:17.57,18.53 1 0
github.com/flyteorg/flytectl/cmd/config/subcommand/launchplan/config_flags.go:28.2,28.10 1 0
github.com/flyteorg/flytectl/cmd/config/subcommand/launchplan/config_flags.go:18.53,19.33 1 0
github.com/flyteorg/flytectl/cmd/config/subcommand/launchplan/config_flags.go:19.33,21.4 1 0
github.com/flyteorg/flytectl/cmd/config/subcommand/launchplan/config_flags.go:21.9,23.4 1 0
github.com/flyteorg/flytectl/cmd/config/subcommand/launchplan/config_flags.go:24.8,24.21 1 0
github.com/flyteorg/flytectl/cmd/config/subcommand/launchplan/config_flags.go:24.21,26.3 1 0
github.com/flyteorg/flytectl/cmd/config/subcommand/launchplan/config_flags.go:31.53,33.16 2 0
github.com/flyteorg/flytectl/cmd/config/subcommand/launchplan/config_flags.go:37.2,37.20 1 0
github.com/flyteorg/flytectl/cmd/config/subcommand/launchplan/config_flags.go:33.16,34.13 1 0
github.com/flyteorg/flytectl/cmd/config/subcommand/launchplan/config_flags.go:40.56,42.16 2 0
github.com/flyteorg/flytectl/cmd/config/subcommand/launchplan/config_flags.go:46.2,46.20 1 0
github.com/flyteorg/flytectl/cmd/config/subcommand/launchplan/config_flags.go:42.16,43.13 1 0
github.com/flyteorg/flytectl/cmd/config/subcommand/launchplan/config_flags.go:51.61,63.2 11 2
github.com/flyteorg/flytectl/cmd/config/subcommand/plugin_override/attrdeleteconfig_flags.go:17.67,18.53 1 0
github.com/flyteorg/flytectl/cmd/config/subcommand/plugin_override/attrdeleteconfig_flags.go:28.2,28.10 1 0
github.com/flyteorg/flytectl/cmd/config/subcommand/plugin_override/attrdeleteconfig_flags.go:18.53,19.33 1 0
github.com/flyteorg/flytectl/cmd/config/subcommand/plugin_override/attrdeleteconfig_flags.go:19.33,21.4 1 0
github.com/flyteorg/flytectl/cmd/config/subcommand/plugin_override/attrdeleteconfig_flags.go:21.9,23.4 1 0
github.com/flyteorg/flytectl/cmd/config/subcommand/plugin_override/attrdeleteconfig_flags.go:24.8,24.21 1 0
github.com/flyteorg/flytectl/cmd/config/subcommand/plugin_override/attrdeleteconfig_flags.go:24.21,26.3 1 0
github.com/flyteorg/flytectl/cmd/config/subcommand/plugin_override/attrdeleteconfig_flags.go:31.63,33.16 2 0
github.com/flyteorg/flytectl/cmd/config/subcommand/plugin_override/attrdeleteconfig_flags.go:37.2,37.20 1 0
github.com/flyteorg/flytectl/cmd/config/subcommand/plugin_override/attrdeleteconfig_flags.go:33.16,34.13 1 0
github.com/flyteorg/flytectl/cmd/config/subcommand/plugin_override/attrdeleteconfig_flags.go:40.66,42.16 2 0
github.com/flyteorg/flytectl/cmd/config/subcommand/plugin_override/attrdeleteconfig_flags.go:46.2,46.20 1 0
github.com/flyteorg/flytectl/cmd/config/subcommand/plugin_override/attrdeleteconfig_flags.go:42.16,43.13 1 0
github.com/flyteorg/flytectl/cmd/config/subcommand/plugin_override/attrdeleteconfig_flags.go:51.71,56.2 4 2
github.com/flyteorg/flytectl/cmd/config/subcommand/plugin_override/attrfetchconfig_flags.go:17.66,18.53 1 0
github.com/flyteorg/flytectl/cmd/config/subcommand/plugin_override/attrfetchconfig_flags.go:28.2,28.10 1 0
github.com/flyteorg/flytectl/cmd/config/subcommand/plugin_override/attrfetchconfig_flags.go:18.53,19.33 1 0
github.com/flyteorg/flytectl/cmd/config/subcommand/plugin_override/attrfetchconfig_flags.go:19.33,21.4 1 0
github.com/flyteorg/flytectl/cmd/config/subcommand/plugin_override/attrfetchconfig_flags.go:21.9,23.4 1 0
github.com/flyteorg/flytectl/cmd/config/subcommand/plugin_override/attrfetchconfig_flags.go:24.8,24.21 1 0
github.com/flyteorg/flytectl/cmd/config/subcommand/plugin_override/attrfetchconfig_flags.go:24.21,26.3 1 0
github.com/flyteorg/flytectl/cmd/config/subcommand/plugin_override/attrfetchconfig_flags.go:31.62,33.16 2 0
github.com/flyteorg/flytectl/cmd/config/subcommand/plugin_override/attrfetchconfig_flags.go:37.2,37.20 1 0
github.com/flyteorg/flytectl/cmd/config/subcommand/plugin_override/attrfetchconfig_flags.go:33.16,34.13 1 0
github.com/flyteorg/flytectl/cmd/config/subcommand/plugin_override/attrfetchconfig_flags.go:40.65,42.16 2 0
github.com/flyteorg/flytectl/cmd/config/subcommand/plugin_override/attrfetchconfig_flags.go:46.2,46.20 1 0
github.com/flyteorg/flytectl/cmd/config/subcommand/plugin_override/attrfetchconfig_flags.go:42.16,43.13 1 0
github.com/flyteorg/flytectl/cmd/config/subcommand/plugin_override/attrfetchconfig_flags.go:51.70,55.2 3 2
github.com/flyteorg/flytectl/cmd/config/subcommand/plugin_override/attrupdateconfig_flags.go:17.67,18.53 1 0
github.com/flyteorg/flytectl/cmd/config/subcommand/plugin_override/attrupdateconfig_flags.go:28.2,28.10 1 0
github.com/flyteorg/flytectl/cmd/config/subcommand/plugin_override/attrupdateconfig_flags.go:18.53,19.33 1 0
github.com/flyteorg/flytectl/cmd/config/subcommand/plugin_override/attrupdateconfig_flags.go:19.33,21.4 1 0
github.com/flyteorg/flytectl/cmd/config/subcommand/plugin_override/attrupdateconfig_flags.go:21.9,23.4 1 0
github.com/flyteorg/flytectl/cmd/config/subcommand/plugin_override/attrupdateconfig_flags.go:24.8,24.21 1 0
github.com/flyteorg/flytectl/cmd/config/subcommand/plugin_override/attrupdateconfig_flags.go:24.21,26.3 1 0
github.com/flyteorg/flytectl/cmd/config/subcommand/plugin_override/attrupdateconfig_flags.go:31.63,33.16 2 0
github.com/flyteorg/flytectl/cmd/config/subcommand/plugin_override/attrupdateconfig_flags.go:37.2,37.20 1 0
github.com/flyteorg/flytectl/cmd/config/subcommand/plugin_override/attrupdateconfig_flags.go:33.16,34.13 1 0
github.com/flyteorg/flytectl/cmd/config/subcommand/plugin_override/attrupdateconfig_flags.go:40.66,42.16 2 0
github.com/flyteorg/flytectl/cmd/config/subcommand/plugin_override/attrupdateconfig_flags.go:46.2,46.20 1 0
github.com/flyteorg/flytectl/cmd/config/subcommand/plugin_override/attrupdateconfig_flags.go:42.16,43.13 1 0
github.com/flyteorg/flytectl/cmd/config/subcommand/plugin_override/attrupdateconfig_flags.go:51.71,56.2 4 2
github.com/flyteorg/flytectl/cmd/config/subcommand/plugin_override/file_config.go:18.58,24.2 1 1
github.com/flyteorg/flytectl/cmd/config/subcommand/plugin_override/file_config.go:27.78,28.30 1 1
github.com/flyteorg/flytectl/cmd/config/subcommand/plugin_override/file_config.go:31.2,31.60 1 1
github.com/flyteorg/flytectl/cmd/config/subcommand/plugin_override/file_config.go:28.30,30.3 1 0
github.com/flyteorg/flytectl/cmd/config/subcommand/plugin_override/file_config.go:35.41,37.2 1 1
github.com/flyteorg/flytectl/cmd/config/subcommand/plugin_override/file_config.go:40.40,42.2 1 1
github.com/flyteorg/flytectl/cmd/config/subcommand/plugin_override/file_config.go:45.42,47.2 1 1
github.com/flyteorg/flytectl/cmd/config/subcommand/project/project_config.go:48.75,50.21 2 2
github.com/flyteorg/flytectl/cmd/config/subcommand/project/project_config.go:65.2,71.26 5 1
github.com/flyteorg/flytectl/cmd/config/subcommand/project/project_config.go:50.21,52.17 2 1
github.com/flyteorg/flytectl/cmd/config/subcommand/project/project_config.go:55.3,56.17 2 1
github.com/flyteorg/flytectl/cmd/config/subcommand/project/project_config.go:59.3,59.18 1 1
github.com/flyteorg/flytectl/cmd/config/subcommand/project/project_config.go:62.3,62.27 1 1
github.com/flyteorg/flytectl/cmd/config/subcommand/project/project_config.go:52.17,54.4 1 0
github.com/flyteorg/flytectl/cmd/config/subcommand/project/project_config.go:56.17,58.4 1 0
github.com/flyteorg/flytectl/cmd/config/subcommand/project/project_config.go:59.18,61.4 1 1
github.com/flyteorg/flytectl/cmd/config/subcommand/project/project_config.go:75.79,76.23 1 4
github.com/flyteorg/flytectl/cmd/config/subcommand/project/project_config.go:79.2,79.22 1 4
github.com/flyteorg/flytectl/cmd/config/subcommand/project/project_config.go:83.2,86.25 3 4
github.com/flyteorg/flytectl/cmd/config/subcommand/project/project_config.go:94.2,94.34 1 2
github.com/flyteorg/flytectl/cmd/config/subcommand/project/project_config.go:76.23,78.3 1 1
github.com/flyteorg/flytectl/cmd/config/subcommand/project/project_config.go:79.22,81.3 1 0
github.com/flyteorg/flytectl/cmd/config/subcommand/project/project_config.go:86.25,87.26 1 4
github.com/flyteorg/flytectl/cmd/config/subcommand/project/project_config.go:90.3,90.14 1 3
github.com/flyteorg/flytectl/cmd/config/subcommand/project/project_config.go:87.26,89.4 1 1
github.com/flyteorg/flytectl/cmd/config/subcommand/project/project_config.go:90.14,92.4 1 1
github.com/flyteorg/flytectl/cmd/config/subcommand/project/config_flags.go:17.57,18.53 1 0
github.com/flyteorg/flytectl/cmd/config/subcommand/project/config_flags.go:28.2,28.10 1 0
github.com/flyteorg/flytectl/cmd/config/subcommand/project/config_flags.go:18.53,19.33 1 0
github.com/flyteorg/flytectl/cmd/config/subcommand/project/config_flags.go:19.33,21.4 1 0
github.com/flyteorg/flytectl/cmd/config/subcommand/project/config_flags.go:21.9,23.4 1 0
github.com/flyteorg/flytectl/cmd/config/subcommand/project/config_flags.go:24.8,24.21 1 0
github.com/flyteorg/flytectl/cmd/config/subcommand/project/config_flags.go:24.21,26.3 1 0
github.com/flyteorg/flytectl/cmd/config/subcommand/project/config_flags.go:31.53,33.16 2 0
github.com/flyteorg/flytectl/cmd/config/subcommand/project/config_flags.go:37.2,37.20 1 0
github.com/flyteorg/flytectl/cmd/config/subcommand/project/config_flags.go:33.16,34.13 1 0
github.com/flyteorg/flytectl/cmd/config/subcommand/project/config_flags.go:40.56,42.16 2 0
github.com/flyteorg/flytectl/cmd/config/subcommand/project/config_flags.go:46.2,46.20 1 0
github.com/flyteorg/flytectl/cmd/config/subcommand/project/config_flags.go:42.16,43.13 1 0
github.com/flyteorg/flytectl/cmd/config/subcommand/project/config_flags.go:51.61,59.2 7 2
github.com/flyteorg/flytectl/cmd/config/subcommand/project/configproject_flags.go:17.64,18.53 1 0
github.com/flyteorg/flytectl/cmd/config/subcommand/project/configproject_flags.go:28.2,28.10 1 0
github.com/flyteorg/flytectl/cmd/config/subcommand/project/configproject_flags.go:18.53,19.33 1 0
github.com/flyteorg/flytectl/cmd/config/subcommand/project/configproject_flags.go:19.33,21.4 1 0
github.com/flyteorg/flytectl/cmd/config/subcommand/project/configproject_flags.go:21.9,23.4 1 0
github.com/flyteorg/flytectl/cmd/config/subcommand/project/configproject_flags.go:24.8,24.21 1 0
github.com/flyteorg/flytectl/cmd/config/subcommand/project/configproject_flags.go:24.21,26.3 1 0
github.com/flyteorg/flytectl/cmd/config/subcommand/project/configproject_flags.go:31.60,33.16 2 0
github.com/flyteorg/flytectl/cmd/config/subcommand/project/configproject_flags.go:37.2,37.20 1 0
github.com/flyteorg/flytectl/cmd/config/subcommand/project/configproject_flags.go:33.16,34.13 1 0
github.com/flyteorg/flytectl/cmd/config/subcommand/project/configproject_flags.go:40.63,42.16 2 0
github.com/flyteorg/flytectl/cmd/config/subcommand/project/configproject_flags.go:46.2,46.20 1 0
github.com/flyteorg/flytectl/cmd/config/subcommand/project/configproject_flags.go:42.16,43.13 1 0
github.com/flyteorg/flytectl/cmd/config/subcommand/project/configproject_flags.go:51.68,64.2 12 2
github.com/flyteorg/flytectl/cmd/compile/compile.go:19.77,21.29 2 3
github.com/flyteorg/flytectl/cmd/compile/compile.go:28.2,28.17 1 3
github.com/flyteorg/flytectl/cmd/compile/compile.go:21.29,23.17 2 7
github.com/flyteorg/flytectl/cmd/compile/compile.go:26.3,26.34 1 7
github.com/flyteorg/flytectl/cmd/compile/compile.go:23.17,25.4 1 0
github.com/flyteorg/flytectl/cmd/compile/compile.go:35.51,39.16 4 7
github.com/flyteorg/flytectl/cmd/compile/compile.go:43.2,49.38 6 3
github.com/flyteorg/flytectl/cmd/compile/compile.go:71.2,72.29 2 3
github.com/flyteorg/flytectl/cmd/compile/compile.go:76.2,78.16 3 3
github.com/flyteorg/flytectl/cmd/compile/compile.go:84.2,84.42 1 3
github.com/flyteorg/flytectl/cmd/compile/compile.go:100.2,105.12 6 2
github.com/flyteorg/flytectl/cmd/compile/compile.go:39.16,42.3 2 4
github.com/flyteorg/flytectl/cmd/compile/compile.go:49.38,51.17 2 17
github.com/flyteorg/flytectl/cmd/compile/compile.go:55.3,56.17 2 17
github.com/flyteorg/flytectl/cmd/compile/compile.go:60.3,60.27 1 17
github.com/flyteorg/flytectl/cmd/compile/compile.go:51.17,54.4 2 0
github.com/flyteorg/flytectl/cmd/compile/compile.go:56.17,58.4 1 0
github.com/flyteorg/flytectl/cmd/compile/compile.go:61.24,62.28 1 7
github.com/flyteorg/flytectl/cmd/compile/compile.go:63.28,64.37 1 5
github.com/flyteorg/flytectl/cmd/compile/compile.go:65.26,66.24 1 5
github.com/flyteorg/flytectl/cmd/compile/compile.go:72.29,74.3 1 7
github.com/flyteorg/flytectl/cmd/compile/compile.go:78.16,81.3 2 0
github.com/flyteorg/flytectl/cmd/compile/compile.go:84.42,93.17 4 3
github.com/flyteorg/flytectl/cmd/compile/compile.go:93.17,96.4 2 1
github.com/flyteorg/flytectl/cmd/compile/compile.go:127.87,129.27 2 2
github.com/flyteorg/flytectl/cmd/compile/compile.go:132.2,132.44 1 1
github.com/flyteorg/flytectl/cmd/compile/compile.go:129.27,131.3 1 1
github.com/flyteorg/flytectl/cmd/compile/compile.go:135.61,147.2 2 2
github.com/flyteorg/flytectl/cmd/config/subcommand/register/files_config.go:32.31,34.2 1 0
github.com/flyteorg/flytectl/cmd/config/subcommand/register/filesconfig_flags.go:17.62,18.53 1 0
github.com/flyteorg/flytectl/cmd/config/subcommand/register/filesconfig_flags.go:28.2,28.10 1 0
github.com/flyteorg/flytectl/cmd/config/subcommand/register/filesconfig_flags.go:18.53,19.33 1 0
github.com/flyteorg/flytectl/cmd/config/subcommand/register/filesconfig_flags.go:19.33,21.4 1 0
github.com/flyteorg/flytectl/cmd/config/subcommand/register/filesconfig_flags.go:21.9,23.4 1 0
github.com/flyteorg/flytectl/cmd/config/subcommand/register/filesconfig_flags.go:24.8,24.21 1 0
github.com/flyteorg/flytectl/cmd/config/subcommand/register/filesconfig_flags.go:24.21,26.3 1 0
github.com/flyteorg/flytectl/cmd/config/subcommand/register/filesconfig_flags.go:31.58,33.16 2 0
github.com/flyteorg/flytectl/cmd/config/subcommand/register/filesconfig_flags.go:37.2,37.20 1 0
github.com/flyteorg/flytectl/cmd/config/subcommand/register/filesconfig_flags.go:33.16,34.13 1 0
github.com/flyteorg/flytectl/cmd/config/subcommand/register/filesconfig_flags.go:40.61,42.16 2 0
github.com/flyteorg/flytectl/cmd/config/subcommand/register/filesconfig_flags.go:46.2,46.20 1 0
github.com/flyteorg/flytectl/cmd/config/subcommand/register/filesconfig_flags.go:42.16,43.13 1 0
github.com/flyteorg/flytectl/cmd/config/subcommand/register/filesconfig_flags.go:51.66,66.2 14 2
github.com/flyteorg/flytectl/cmd/config/subcommand/sandbox/config_flags.go:17.57,18.53 1 0
github.com/flyteorg/flytectl/cmd/config/subcommand/sandbox/config_flags.go:28.2,28.10 1 0
github.com/flyteorg/flytectl/cmd/config/subcommand/sandbox/config_flags.go:18.53,19.33 1 0
github.com/flyteorg/flytectl/cmd/config/subcommand/sandbox/config_flags.go:19.33,21.4 1 0
github.com/flyteorg/flytectl/cmd/config/subcommand/sandbox/config_flags.go:21.9,23.4 1 0
github.com/flyteorg/flytectl/cmd/config/subcommand/sandbox/config_flags.go:24.8,24.21 1 0
github.com/flyteorg/flytectl/cmd/config/subcommand/sandbox/config_flags.go:24.21,26.3 1 0
github.com/flyteorg/flytectl/cmd/config/subcommand/sandbox/config_flags.go:31.53,33.16 2 0
github.com/flyteorg/flytectl/cmd/config/subcommand/sandbox/config_flags.go:37.2,37.20 1 0
github.com/flyteorg/flytectl/cmd/config/subcommand/sandbox/config_flags.go:33.16,34.13 1 0
github.com/flyteorg/flytectl/cmd/config/subcommand/sandbox/config_flags.go:40.56,42.16 2 0
github.com/flyteorg/flytectl/cmd/config/subcommand/sandbox/config_flags.go:46.2,46.20 1 0
github.com/flyteorg/flytectl/cmd/config/subcommand/sandbox/config_flags.go:42.16,43.13 1 0
github.com/flyteorg/flytectl/cmd/config/subcommand/sandbox/config_flags.go:51.61,63.2 11 2
github.com/flyteorg/flytectl/cmd/config/subcommand/task/config_flags.go:17.57,18.53 1 0
github.com/flyteorg/flytectl/cmd/config/subcommand/task/config_flags.go:28.2,28.10 1 0
github.com/flyteorg/flytectl/cmd/config/subcommand/task/config_flags.go:18.53,19.33 1 0
github.com/flyteorg/flytectl/cmd/config/subcommand/task/config_flags.go:19.33,21.4 1 0
github.com/flyteorg/flytectl/cmd/config/subcommand/task/config_flags.go:21.9,23.4 1 0
github.com/flyteorg/flytectl/cmd/config/subcommand/task/config_flags.go:24.8,24.21 1 0
github.com/flyteorg/flytectl/cmd/config/subcommand/task/config_flags.go:24.21,26.3 1 0
github.com/flyteorg/flytectl/cmd/config/subcommand/task/config_flags.go:31.53,33.16 2 0
github.com/flyteorg/flytectl/cmd/config/subcommand/task/config_flags.go:37.2,37.20 1 0
github.com/flyteorg/flytectl/cmd/config/subcommand/task/config_flags.go:33.16,34.13 1 0
github.com/flyteorg/flytectl/cmd/config/subcommand/task/config_flags.go:40.56,42.16 2 0
github.com/flyteorg/flytectl/cmd/config/subcommand/task/config_flags.go:46.2,46.20 1 0
github.com/flyteorg/flytectl/cmd/config/subcommand/task/config_flags.go:42.16,43.13 1 0
github.com/flyteorg/flytectl/cmd/config/subcommand/task/config_flags.go:51.61,62.2 10 2
github.com/flyteorg/flytectl/cmd/config/subcommand/taskresourceattribute/attrdeleteconfig_flags.go:17.67,18.53 1 0
github.com/flyteorg/flytectl/cmd/config/subcommand/taskresourceattribute/attrdeleteconfig_flags.go:28.2,28.10 1 0
github.com/flyteorg/flytectl/cmd/config/subcommand/taskresourceattribute/attrdeleteconfig_flags.go:18.53,19.33 1 0
github.com/flyteorg/flytectl/cmd/config/subcommand/taskresourceattribute/attrdeleteconfig_flags.go:19.33,21.4 1 0
github.com/flyteorg/flytectl/cmd/config/subcommand/taskresourceattribute/attrdeleteconfig_flags.go:21.9,23.4 1 0
github.com/flyteorg/flytectl/cmd/config/subcommand/taskresourceattribute/attrdeleteconfig_flags.go:24.8,24.21 1 0
github.com/flyteorg/flytectl/cmd/config/subcommand/taskresourceattribute/attrdeleteconfig_flags.go:24.21,26.3 1 0
github.com/flyteorg/flytectl/cmd/config/subcommand/taskresourceattribute/attrdeleteconfig_flags.go:31.63,33.16 2 0
github.com/flyteorg/flytectl/cmd/config/subcommand/taskresourceattribute/attrdeleteconfig_flags.go:37.2,37.20 1 0
github.com/flyteorg/flytectl/cmd/config/subcommand/taskresourceattribute/attrdeleteconfig_flags.go:33.16,34.13 1 0
github.com/flyteorg/flytectl/cmd/config/subcommand/taskresourceattribute/attrdeleteconfig_flags.go:40.66,42.16 2 0
github.com/flyteorg/flytectl/cmd/config/subcommand/taskresourceattribute/attrdeleteconfig_flags.go:46.2,46.20 1 0
github.com/flyteorg/flytectl/cmd/config/subcommand/taskresourceattribute/attrdeleteconfig_flags.go:42.16,43.13 1 0
github.com/flyteorg/flytectl/cmd/config/subcommand/taskresourceattribute/attrdeleteconfig_flags.go:51.71,56.2 4 2
github.com/flyteorg/flytectl/cmd/config/subcommand/taskresourceattribute/attrfetchconfig_flags.go:17.66,18.53 1 0
github.com/flyteorg/flytectl/cmd/config/subcommand/taskresourceattribute/attrfetchconfig_flags.go:28.2,28.10 1 0
github.com/flyteorg/flytectl/cmd/config/subcommand/taskresourceattribute/attrfetchconfig_flags.go:18.53,19.33 1 0
github.com/flyteorg/flytectl/cmd/config/subcommand/taskresourceattribute/attrfetchconfig_flags.go:19.33,21.4 1 0
github.com/flyteorg/flytectl/cmd/config/subcommand/taskresourceattribute/attrfetchconfig_flags.go:21.9,23.4 1 0
github.com/flyteorg/flytectl/cmd/config/subcommand/taskresourceattribute/attrfetchconfig_flags.go:24.8,24.21 1 0
github.com/flyteorg/flytectl/cmd/config/subcommand/taskresourceattribute/attrfetchconfig_flags.go:24.21,26.3 1 0
github.com/flyteorg/flytectl/cmd/config/subcommand/taskresourceattribute/attrfetchconfig_flags.go:31.62,33.16 2 0
github.com/flyteorg/flytectl/cmd/config/subcommand/taskresourceattribute/attrfetchconfig_flags.go:37.2,37.20 1 0
github.com/flyteorg/flytectl/cmd/config/subcommand/taskresourceattribute/attrfetchconfig_flags.go:33.16,34.13 1 0
github.com/flyteorg/flytectl/cmd/config/subcommand/taskresourceattribute/attrfetchconfig_flags.go:40.65,42.16 2 0
github.com/flyteorg/flytectl/cmd/config/subcommand/taskresourceattribute/attrfetchconfig_flags.go:46.2,46.20 1 0
github.com/flyteorg/flytectl/cmd/config/subcommand/taskresourceattribute/attrfetchconfig_flags.go:42.16,43.13 1 0
github.com/flyteorg/flytectl/cmd/config/subcommand/taskresourceattribute/attrfetchconfig_flags.go:51.70,55.2 3 2
github.com/flyteorg/flytectl/cmd/config/subcommand/taskresourceattribute/attrupdateconfig_flags.go:17.67,18.53 1 0
github.com/flyteorg/flytectl/cmd/config/subcommand/taskresourceattribute/attrupdateconfig_flags.go:28.2,28.10 1 0
github.com/flyteorg/flytectl/cmd/config/subcommand/taskresourceattribute/attrupdateconfig_flags.go:18.53,19.33 1 0
github.com/flyteorg/flytectl/cmd/config/subcommand/taskresourceattribute/attrupdateconfig_flags.go:19.33,21.4 1 0
github.com/flyteorg/flytectl/cmd/config/subcommand/taskresourceattribute/attrupdateconfig_flags.go:21.9,23.4 1 0
github.com/flyteorg/flytectl/cmd/config/subcommand/taskresourceattribute/attrupdateconfig_flags.go:24.8,24.21 1 0
github.com/flyteorg/flytectl/cmd/config/subcommand/taskresourceattribute/attrupdateconfig_flags.go:24.21,26.3 1 0
github.com/flyteorg/flytectl/cmd/config/subcommand/taskresourceattribute/attrupdateconfig_flags.go:31.63,33.16 2 0
github.com/flyteorg/flytectl/cmd/config/subcommand/taskresourceattribute/attrupdateconfig_flags.go:37.2,37.20 1 0
github.com/flyteorg/flytectl/cmd/config/subcommand/taskresourceattribute/attrupdateconfig_flags.go:33.16,34.13 1 0
github.com/flyteorg/flytectl/cmd/config/subcommand/taskresourceattribute/attrupdateconfig_flags.go:40.66,42.16 2 0
github.com/flyteorg/flytectl/cmd/config/subcommand/taskresourceattribute/attrupdateconfig_flags.go:46.2,46.20 1 0
github.com/flyteorg/flytectl/cmd/config/subcommand/taskresourceattribute/attrupdateconfig_flags.go:42.16,43.13 1 0
github.com/flyteorg/flytectl/cmd/config/subcommand/taskresourceattribute/attrupdateconfig_flags.go:51.71,56.2 4 2
github.com/flyteorg/flytectl/cmd/config/subcommand/taskresourceattribute/file_config.go:18.74,24.2 1 1
github.com/flyteorg/flytectl/cmd/config/subcommand/taskresourceattribute/file_config.go:27.94,28.30 1 1
github.com/flyteorg/flytectl/cmd/config/subcommand/taskresourceattribute/file_config.go:31.2,31.74 1 1
github.com/flyteorg/flytectl/cmd/config/subcommand/taskresourceattribute/file_config.go:28.30,30.3 1 0
github.com/flyteorg/flytectl/cmd/config/subcommand/taskresourceattribute/file_config.go:35.57,37.2 1 1
github.com/flyteorg/flytectl/cmd/config/subcommand/taskresourceattribute/file_config.go:40.56,42.2 1 1
github.com/flyteorg/flytectl/cmd/config/subcommand/taskresourceattribute/file_config.go:45.58,47.2 1 1
github.com/flyteorg/flytectl/cmd/config/subcommand/workflow/config_flags.go:17.57,18.53 1 0
github.com/flyteorg/flytectl/cmd/config/subcommand/workflow/config_flags.go:28.2,28.10 1 0
github.com/flyteorg/flytectl/cmd/config/subcommand/workflow/config_flags.go:18.53,19.33 1 0
github.com/flyteorg/flytectl/cmd/config/subcommand/workflow/config_flags.go:19.33,21.4 1 0
github.com/flyteorg/flytectl/cmd/config/subcommand/workflow/config_flags.go:21.9,23.4 1 0
github.com/flyteorg/flytectl/cmd/config/subcommand/workflow/config_flags.go:24.8,24.21 1 0
github.com/flyteorg/flytectl/cmd/config/subcommand/workflow/config_flags.go:24.21,26.3 1 0
github.com/flyteorg/flytectl/cmd/config/subcommand/workflow/config_flags.go:31.53,33.16 2 0
github.com/flyteorg/flytectl/cmd/config/subcommand/workflow/config_flags.go:37.2,37.20 1 0
github.com/flyteorg/flytectl/cmd/config/subcommand/workflow/config_flags.go:33.16,34.13 1 0
github.com/flyteorg/flytectl/cmd/config/subcommand/workflow/config_flags.go:40.56,42.16 2 0
github.com/flyteorg/flytectl/cmd/config/subcommand/workflow/config_flags.go:46.2,46.20 1 0
github.com/flyteorg/flytectl/cmd/config/subcommand/workflow/config_flags.go:42.16,43.13 1 0
github.com/flyteorg/flytectl/cmd/config/subcommand/workflow/config_flags.go:51.61,61.2 9 2
github.com/flyteorg/flytectl/cmd/config/subcommand/workflowexecutionconfig/attrdeleteconfig_flags.go:17.67,18.53 1 0
github.com/flyteorg/flytectl/cmd/config/subcommand/workflowexecutionconfig/attrdeleteconfig_flags.go:28.2,28.10 1 0
github.com/flyteorg/flytectl/cmd/config/subcommand/workflowexecutionconfig/attrdeleteconfig_flags.go:18.53,19.33 1 0
github.com/flyteorg/flytectl/cmd/config/subcommand/workflowexecutionconfig/attrdeleteconfig_flags.go:19.33,21.4 1 0
github.com/flyteorg/flytectl/cmd/config/subcommand/workflowexecutionconfig/attrdeleteconfig_flags.go:21.9,23.4 1 0
github.com/flyteorg/flytectl/cmd/config/subcommand/workflowexecutionconfig/attrdeleteconfig_flags.go:24.8,24.21 1 0
github.com/flyteorg/flytectl/cmd/config/subcommand/workflowexecutionconfig/attrdeleteconfig_flags.go:24.21,26.3 1 0
github.com/flyteorg/flytectl/cmd/config/subcommand/workflowexecutionconfig/attrdeleteconfig_flags.go:31.63,33.16 2 0
github.com/flyteorg/flytectl/cmd/config/subcommand/workflowexecutionconfig/attrdeleteconfig_flags.go:37.2,37.20 1 0
github.com/flyteorg/flytectl/cmd/config/subcommand/workflowexecutionconfig/attrdeleteconfig_flags.go:33.16,34.13 1 0
github.com/flyteorg/flytectl/cmd/config/subcommand/workflowexecutionconfig/attrdeleteconfig_flags.go:40.66,42.16 2 0
github.com/flyteorg/flytectl/cmd/config/subcommand/workflowexecutionconfig/attrdeleteconfig_flags.go:46.2,46.20 1 0
github.com/flyteorg/flytectl/cmd/config/subcommand/workflowexecutionconfig/attrdeleteconfig_flags.go:42.16,43.13 1 0
github.com/flyteorg/flytectl/cmd/config/subcommand/workflowexecutionconfig/attrdeleteconfig_flags.go:51.71,56.2 4 2
github.com/flyteorg/flytectl/cmd/config/subcommand/workflowexecutionconfig/attrfetchconfig_flags.go:17.66,18.53 1 0
github.com/flyteorg/flytectl/cmd/config/subcommand/workflowexecutionconfig/attrfetchconfig_flags.go:28.2,28.10 1 0
github.com/flyteorg/flytectl/cmd/config/subcommand/workflowexecutionconfig/attrfetchconfig_flags.go:18.53,19.33 1 0
github.com/flyteorg/flytectl/cmd/config/subcommand/workflowexecutionconfig/attrfetchconfig_flags.go:19.33,21.4 1 0
github.com/flyteorg/flytectl/cmd/config/subcommand/workflowexecutionconfig/attrfetchconfig_flags.go:21.9,23.4 1 0
github.com/flyteorg/flytectl/cmd/config/subcommand/workflowexecutionconfig/attrfetchconfig_flags.go:24.8,24.21 1 0
github.com/flyteorg/flytectl/cmd/config/subcommand/workflowexecutionconfig/attrfetchconfig_flags.go:24.21,26.3 1 0
github.com/flyteorg/flytectl/cmd/config/subcommand/workflowexecutionconfig/attrfetchconfig_flags.go:31.62,33.16 2 0
github.com/flyteorg/flytectl/cmd/config/subcommand/workflowexecutionconfig/attrfetchconfig_flags.go:37.2,37.20 1 0
github.com/flyteorg/flytectl/cmd/config/subcommand/workflowexecutionconfig/attrfetchconfig_flags.go:33.16,34.13 1 0
github.com/flyteorg/flytectl/cmd/config/subcommand/workflowexecutionconfig/attrfetchconfig_flags.go:40.65,42.16 2 0
github.com/flyteorg/flytectl/cmd/config/subcommand/workflowexecutionconfig/attrfetchconfig_flags.go:46.2,46.20 1 0
github.com/flyteorg/flytectl/cmd/config/subcommand/workflowexecutionconfig/attrfetchconfig_flags.go:42.16,43.13 1 0
github.com/flyteorg/flytectl/cmd/config/subcommand/workflowexecutionconfig/attrfetchconfig_flags.go:51.70,56.2 4 2
github.com/flyteorg/flytectl/cmd/config/subcommand/workflowexecutionconfig/attrupdateconfig_flags.go:17.67,18.53 1 0
github.com/flyteorg/flytectl/cmd/config/subcommand/workflowexecutionconfig/attrupdateconfig_flags.go:28.2,28.10 1 0
github.com/flyteorg/flytectl/cmd/config/subcommand/workflowexecutionconfig/attrupdateconfig_flags.go:18.53,19.33 1 0
github.com/flyteorg/flytectl/cmd/config/subcommand/workflowexecutionconfig/attrupdateconfig_flags.go:19.33,21.4 1 0
github.com/flyteorg/flytectl/cmd/config/subcommand/workflowexecutionconfig/attrupdateconfig_flags.go:21.9,23.4 1 0
github.com/flyteorg/flytectl/cmd/config/subcommand/workflowexecutionconfig/attrupdateconfig_flags.go:24.8,24.21 1 0
github.com/flyteorg/flytectl/cmd/config/subcommand/workflowexecutionconfig/attrupdateconfig_flags.go:24.21,26.3 1 0
github.com/flyteorg/flytectl/cmd/config/subcommand/workflowexecutionconfig/attrupdateconfig_flags.go:31.63,33.16 2 0
github.com/flyteorg/flytectl/cmd/config/subcommand/workflowexecutionconfig/attrupdateconfig_flags.go:37.2,37.20 1 0
github.com/flyteorg/flytectl/cmd/config/subcommand/workflowexecutionconfig/attrupdateconfig_flags.go:33.16,34.13 1 0
github.com/flyteorg/flytectl/cmd/config/subcommand/workflowexecutionconfig/attrupdateconfig_flags.go:40.66,42.16 2 0
github.com/flyteorg/flytectl/cmd/config/subcommand/workflowexecutionconfig/attrupdateconfig_flags.go:46.2,46.20 1 0
github.com/flyteorg/flytectl/cmd/config/subcommand/workflowexecutionconfig/attrupdateconfig_flags.go:42.16,43.13 1 0
github.com/flyteorg/flytectl/cmd/config/subcommand/workflowexecutionconfig/attrupdateconfig_flags.go:51.71,56.2 4 2
github.com/flyteorg/flytectl/cmd/config/subcommand/workflowexecutionconfig/file_config.go:18.58,24.2 1 1
github.com/flyteorg/flytectl/cmd/config/subcommand/workflowexecutionconfig/file_config.go:27.78,28.30 1 1
github.com/flyteorg/flytectl/cmd/config/subcommand/workflowexecutionconfig/file_config.go:31.2,31.76 1 1
github.com/flyteorg/flytectl/cmd/config/subcommand/workflowexecutionconfig/file_config.go:28.30,30.3 1 0
github.com/flyteorg/flytectl/cmd/config/subcommand/workflowexecutionconfig/file_config.go:35.41,37.2 1 1
github.com/flyteorg/flytectl/cmd/config/subcommand/workflowexecutionconfig/file_config.go:40.40,42.2 1 1
github.com/flyteorg/flytectl/cmd/config/subcommand/workflowexecutionconfig/file_config.go:45.42,47.2 1 1
github.com/flyteorg/flytectl/cmd/configuration/configuration.go:61.43,72.2 4 1
github.com/flyteorg/flytectl/cmd/configuration/configuration.go:74.94,76.2 1 1
github.com/flyteorg/flytectl/cmd/configuration/configuration.go:78.49,80.45 1 6
github.com/flyteorg/flytectl/cmd/configuration/configuration.go:84.2,90.44 3 6
github.com/flyteorg/flytectl/cmd/configuration/configuration.go:98.2,99.66 2 6
github.com/flyteorg/flytectl/cmd/configuration/configuration.go:109.2,109.17 1 6
github.com/flyteorg/flytectl/cmd/configuration/configuration.go:112.2,113.12 2 6
github.com/flyteorg/flytectl/cmd/configuration/configuration.go:80.45,82.3 1 0
github.com/flyteorg/flytectl/cmd/configuration/configuration.go:90.44,92.38 2 3
github.com/flyteorg/flytectl/cmd/configuration/configuration.go:95.3,96.62 2 3
github.com/flyteorg/flytectl/cmd/configuration/configuration.go:92.38,94.4 1 0
github.com/flyteorg/flytectl/cmd/configuration/configuration.go:99.66,101.3 1 1
github.com/flyteorg/flytectl/cmd/configuration/configuration.go:101.8,102.165 1 5
github.com/flyteorg/flytectl/cmd/configuration/configuration.go:102.165,103.59 1 1
github.com/flyteorg/flytectl/cmd/configuration/configuration.go:106.4,106.85 1 1
github.com/flyteorg/flytectl/cmd/configuration/configuration.go:103.59,105.5 1 0
github.com/flyteorg/flytectl/cmd/configuration/configuration.go:109.17,111.3 1 0
github.com/flyteorg/flytectl/cmd/configuration/configuration.go:116.43,117.40 1 6
github.com/flyteorg/flytectl/cmd/configuration/configuration.go:120.2,120.17 1 6
github.com/flyteorg/flytectl/cmd/configuration/configuration.go:117.40,119.3 1 18
github.com/flyteorg/flytectl/cmd/configuration/configuration.go:124.49,126.29 2 13
github.com/flyteorg/flytectl/cmd/configuration/configuration.go:129.2,129.50 1 12
github.com/flyteorg/flytectl/cmd/configuration/configuration.go:132.2,133.55 2 11
github.com/flyteorg/flytectl/cmd/configuration/configuration.go:147.2,147.17 1 9
github.com/flyteorg/flytectl/cmd/configuration/configuration.go:126.29,128.3 1 1
github.com/flyteorg/flytectl/cmd/configuration/configuration.go:129.50,131.3 1 1
github.com/flyteorg/flytectl/cmd/configuration/configuration.go:133.55,134.97 1 11
github.com/flyteorg/flytectl/cmd/configuration/configuration.go:137.3,137.87 1 11
github.com/flyteorg/flytectl/cmd/configuration/configuration.go:140.3,140.30 1 11
github.com/flyteorg/flytectl/cmd/configuration/configuration.go:134.97,136.4 1 6
github.com/flyteorg/flytectl/cmd/configuration/configuration.go:137.87,139.4 1 5
github.com/flyteorg/flytectl/cmd/configuration/configuration.go:140.30,141.61 1 7
github.com/flyteorg/flytectl/cmd/configuration/configuration.go:141.61,143.5 1 2
github.com/flyteorg/flytectl/cmd/core/cmd.go:33.76,34.43 1 0
github.com/flyteorg/flytectl/cmd/core/cmd.go:34.43,44.36 2 0
github.com/flyteorg/flytectl/cmd/core/cmd.go:48.3,48.26 1 0
github.com/flyteorg/flytectl/cmd/core/cmd.go:44.36,46.4 1 0
github.com/flyteorg/flytectl/cmd/core/cmd.go:52.95,53.55 1 2
github.com/flyteorg/flytectl/cmd/core/cmd.go:53.55,56.41 2 2
github.com/flyteorg/flytectl/cmd/core/cmd.go:64.3,64.62 1 2
github.com/flyteorg/flytectl/cmd/core/cmd.go:68.3,69.43 2 2
github.com/flyteorg/flytectl/cmd/core/cmd.go:73.3,74.35 2 1
github.com/flyteorg/flytectl/cmd/core/cmd.go:86.3,87.17 2 1
github.com/flyteorg/flytectl/cmd/core/cmd.go:96.3,96.13 1 1
github.com/flyteorg/flytectl/cmd/core/cmd.go:56.41,57.40 1 0
github.com/flyteorg/flytectl/cmd/core/cmd.go:60.4,60.39 1 0
github.com/flyteorg/flytectl/cmd/core/cmd.go:57.40,59.5 1 0
github.com/flyteorg/flytectl/cmd/core/cmd.go:60.39,62.5 1 0
github.com/flyteorg/flytectl/cmd/core/cmd.go:64.62,66.4 1 0
github.com/flyteorg/flytectl/cmd/core/cmd.go:69.43,71.4 1 1
github.com/flyteorg/flytectl/cmd/core/cmd.go:74.35,80.18 2 1
github.com/flyteorg/flytectl/cmd/core/cmd.go:83.4,83.60 1 1
github.com/flyteorg/flytectl/cmd/core/cmd.go:80.18,82.5 1 0
github.com/flyteorg/flytectl/cmd/core/cmd.go:87.17,88.42 1 0
github.com/flyteorg/flytectl/cmd/core/cmd.go:94.4,94.14 1 0
github.com/flyteorg/flytectl/cmd/core/cmd.go:88.42,89.104 1 0
github.com/flyteorg/flytectl/cmd/core/cmd.go:89.104,92.6 1 0
github.com/flyteorg/flytectl/cmd/core/cmd_ctx.go:22.62,24.2 1 1
github.com/flyteorg/flytectl/cmd/core/cmd_ctx.go:26.82,28.22 2 2
github.com/flyteorg/flytectl/cmd/core/cmd_ctx.go:31.2,37.3 1 2
github.com/flyteorg/flytectl/cmd/core/cmd_ctx.go:28.22,30.3 1 1
github.com/flyteorg/flytectl/cmd/core/cmd_ctx.go:46.32,54.2 1 2
github.com/flyteorg/flytectl/cmd/core/cmd_ctx.go:56.66,58.2 1 0
github.com/flyteorg/flytectl/cmd/core/cmd_ctx.go:60.54,62.2 1 0
github.com/flyteorg/flytectl/cmd/core/cmd_ctx.go:64.48,66.2 1 0
github.com/flyteorg/flytectl/cmd/core/cmd_ctx.go:68.47,70.2 1 0
github.com/flyteorg/flytectl/cmd/core/cmd_ctx.go:72.72,74.2 1 0
github.com/flyteorg/flytectl/cmd/core/cmd_ctx.go:76.72,78.2 1 0
github.com/flyteorg/flytectl/cmd/core/cmd_ctx.go:80.72,82.2 1 0
github.com/flyteorg/flytectl/cmd/completion.go:94.54,95.18 1 4
github.com/flyteorg/flytectl/cmd/completion.go:105.3,105.13 1 0
github.com/flyteorg/flytectl/cmd/completion.go:96.15,97.50 1 1
github.com/flyteorg/flytectl/cmd/completion.go:98.14,99.49 1 1
github.com/flyteorg/flytectl/cmd/completion.go:100.15,101.56 1 1
github.com/flyteorg/flytectl/cmd/completion.go:102.21,103.64 1 1
github.com/flyteorg/flytectl/cmd/root.go:41.34,82.2 23 1
github.com/flyteorg/flytectl/cmd/root.go:84.55,87.43 2 0
github.com/flyteorg/flytectl/cmd/root.go:91.2,91.22 1 0
github.com/flyteorg/flytectl/cmd/root.go:95.2,103.30 3 0
github.com/flyteorg/flytectl/cmd/root.go:107.2,110.16 3 0
github.com/flyteorg/flytectl/cmd/root.go:114.2,114.12 1 0
github.com/flyteorg/flytectl/cmd/root.go:87.43,89.3 1 0
github.com/flyteorg/flytectl/cmd/root.go:91.22,93.3 1 0
github.com/flyteorg/flytectl/cmd/root.go:103.30,105.3 1 0
github.com/flyteorg/flytectl/cmd/root.go:110.16,112.3 1 0
github.com/flyteorg/flytectl/cmd/root.go:117.27,120.16 3 0
github.com/flyteorg/flytectl/cmd/root.go:124.2,124.12 1 0
github.com/flyteorg/flytectl/cmd/root.go:120.16,123.3 2 0
github.com/flyteorg/flytectl/cmd/root.go:127.56,128.36 1 0
github.com/flyteorg/flytectl/cmd/root.go:130.2,130.47 1 0
github.com/flyteorg/flytectl/cmd/root.go:133.2,133.63 1 0
github.com/flyteorg/flytectl/cmd/root.go:128.36,128.49 1 0
github.com/flyteorg/flytectl/cmd/root.go:130.47,132.3 1 0
github.com/flyteorg/flytectl/cmd/root.go:136.25,138.2 1 0
github.com/flyteorg/flytectl/cmd/create/execution_util.go:20.129,23.16 2 6
github.com/flyteorg/flytectl/cmd/create/execution_util.go:28.2,30.16 3 4
github.com/flyteorg/flytectl/cmd/create/execution_util.go:34.2,42.85 4 3
github.com/flyteorg/flytectl/cmd/create/execution_util.go:55.2,55.94 1 3
github.com/flyteorg/flytectl/cmd/create/execution_util.go:23.16,25.3 1 2
github.com/flyteorg/flytectl/cmd/create/execution_util.go:30.16,32.3 1 1
github.com/flyteorg/flytectl/cmd/create/execution_util.go:42.85,53.3 2 1
github.com/flyteorg/flytectl/cmd/create/execution_util.go:59.129,62.16 2 8
github.com/flyteorg/flytectl/cmd/create/execution_util.go:66.2,68.16 3 6
github.com/flyteorg/flytectl/cmd/create/execution_util.go:72.2,80.85 4 5
github.com/flyteorg/flytectl/cmd/create/execution_util.go:93.2,101.91 2 5
github.com/flyteorg/flytectl/cmd/create/execution_util.go:62.16,64.3 1 2
github.com/flyteorg/flytectl/cmd/create/execution_util.go:68.16,70.3 1 1
github.com/flyteorg/flytectl/cmd/create/execution_util.go:80.85,91.3 2 4
github.com/flyteorg/flytectl/cmd/create/execution_util.go:105.101,106.28 1 3
github.com/flyteorg/flytectl/cmd/create/execution_util.go:110.2,118.16 2 3
github.com/flyteorg/flytectl/cmd/create/execution_util.go:121.2,122.12 2 2
github.com/flyteorg/flytectl/cmd/create/execution_util.go:106.28,109.3 2 0
github.com/flyteorg/flytectl/cmd/create/execution_util.go:118.16,120.3 1 1
github.com/flyteorg/flytectl/cmd/create/execution_util.go:126.96,127.28 1 3
github.com/flyteorg/flytectl/cmd/create/execution_util.go:131.2,139.16 2 3
github.com/flyteorg/flytectl/cmd/create/execution_util.go:142.2,143.12 2 2
github.com/flyteorg/flytectl/cmd/create/execution_util.go:127.28,130.3 2 0
github.com/flyteorg/flytectl/cmd/create/execution_util.go:139.16,141.3 1 1
github.com/flyteorg/flytectl/cmd/create/execution_util.go:147.81,149.30 1 8
github.com/flyteorg/flytectl/cmd/create/execution_util.go:152.2,153.39 2 8
github.com/flyteorg/flytectl/cmd/create/execution_util.go:156.2,172.3 1 8
github.com/flyteorg/flytectl/cmd/create/execution_util.go:149.30,151.3 1 7
github.com/flyteorg/flytectl/cmd/create/execution_util.go:153.39,155.3 1 2
github.com/flyteorg/flytectl/cmd/create/execution_util.go:175.72,177.17 2 8
github.com/flyteorg/flytectl/cmd/create/execution_util.go:180.2,181.68 2 7
github.com/flyteorg/flytectl/cmd/create/execution_util.go:184.2,184.34 1 7
github.com/flyteorg/flytectl/cmd/create/execution_util.go:177.17,179.3 1 1
github.com/flyteorg/flytectl/cmd/create/execution_util.go:181.68,183.3 1 0
github.com/flyteorg/flytectl/cmd/create/execution_util.go:187.87,189.43 2 9
github.com/flyteorg/flytectl/cmd/create/execution_util.go:192.2,192.38 1 9
github.com/flyteorg/flytectl/cmd/create/execution_util.go:195.2,195.41 1 9
github.com/flyteorg/flytectl/cmd/create/execution_util.go:198.2,198.40 1 9
github.com/flyteorg/flytectl/cmd/create/execution_util.go:201.2,201.35 1 9
github.com/flyteorg/flytectl/cmd/create/execution_util.go:205.2,205.41 1 9
github.com/flyteorg/flytectl/cmd/create/execution_util.go:208.2,208.40 1 9
github.com/flyteorg/flytectl/cmd/create/execution_util.go:189.43,191.3 1 0
github.com/flyteorg/flytectl/cmd/create/execution_util.go:192.38,194.3 1 0
github.com/flyteorg/flytectl/cmd/create/execution_util.go:195.41,197.3 1 0
github.com/flyteorg/flytectl/cmd/create/execution_util.go:198.40,200.3 1 0
github.com/flyteorg/flytectl/cmd/create/execution_util.go:201.35,203.3 1 0
github.com/flyteorg/flytectl/cmd/create/execution_util.go:205.41,207.3 1 9
github.com/flyteorg/flytectl/cmd/create/execution_util.go:208.40,210.3 1 9
github.com/flyteorg/flytectl/cmd/create/execution_util.go:213.84,215.103 2 11
github.com/flyteorg/flytectl/cmd/create/execution_util.go:219.2,219.36 1 10
github.com/flyteorg/flytectl/cmd/create/execution_util.go:223.2,223.38 1 9
github.com/flyteorg/flytectl/cmd/create/execution_util.go:227.2,229.93 3 8
github.com/flyteorg/flytectl/cmd/create/execution_util.go:232.2,237.26 5 7
github.com/flyteorg/flytectl/cmd/create/execution_util.go:241.2,243.13 3 6
github.com/flyteorg/flytectl/cmd/create/execution_util.go:247.2,247.61 1 6
github.com/flyteorg/flytectl/cmd/create/execution_util.go:215.103,218.3 1 1
github.com/flyteorg/flytectl/cmd/create/execution_util.go:219.36,222.3 2 1
github.com/flyteorg/flytectl/cmd/create/execution_util.go:223.38,226.3 2 1
github.com/flyteorg/flytectl/cmd/create/execution_util.go:229.93,231.3 1 1
github.com/flyteorg/flytectl/cmd/create/execution_util.go:237.26,240.3 1 1
github.com/flyteorg/flytectl/cmd/create/execution_util.go:243.13,246.3 2 2
github.com/flyteorg/flytectl/cmd/create/executionconfig_flags.go:17.66,18.53 1 0
github.com/flyteorg/flytectl/cmd/create/executionconfig_flags.go:28.2,28.10 1 0
github.com/flyteorg/flytectl/cmd/create/executionconfig_flags.go:18.53,19.33 1 0
github.com/flyteorg/flytectl/cmd/create/executionconfig_flags.go:19.33,21.4 1 0
github.com/flyteorg/flytectl/cmd/create/executionconfig_flags.go:21.9,23.4 1 0
github.com/flyteorg/flytectl/cmd/create/executionconfig_flags.go:24.8,24.21 1 0
github.com/flyteorg/flytectl/cmd/create/executionconfig_flags.go:24.21,26.3 1 0
github.com/flyteorg/flytectl/cmd/create/executionconfig_flags.go:31.62,33.16 2 0
github.com/flyteorg/flytectl/cmd/create/executionconfig_flags.go:37.2,37.20 1 0
github.com/flyteorg/flytectl/cmd/create/executionconfig_flags.go:33.16,34.13 1 0
github.com/flyteorg/flytectl/cmd/create/executionconfig_flags.go:40.65,42.16 2 0
github.com/flyteorg/flytectl/cmd/create/executionconfig_flags.go:46.2,46.20 1 0
github.com/flyteorg/flytectl/cmd/create/executionconfig_flags.go:42.16,43.13 1 0
github.com/flyteorg/flytectl/cmd/create/executionconfig_flags.go:51.70,66.2 14 3
github.com/flyteorg/flytectl/cmd/create/project.go:47.101,49.16 2 3
github.com/flyteorg/flytectl/cmd/create/project.go:52.2,52.26 1 3
github.com/flyteorg/flytectl/cmd/create/project.go:55.2,55.28 1 2
github.com/flyteorg/flytectl/cmd/create/project.go:59.2,59.41 1 1
github.com/flyteorg/flytectl/cmd/create/project.go:74.2,75.12 2 1
github.com/flyteorg/flytectl/cmd/create/project.go:49.16,51.3 1 0
github.com/flyteorg/flytectl/cmd/create/project.go:52.26,54.3 1 1
github.com/flyteorg/flytectl/cmd/create/project.go:55.28,57.3 1 1
github.com/flyteorg/flytectl/cmd/create/project.go:59.41,61.3 1 0
github.com/flyteorg/flytectl/cmd/create/project.go:61.8,70.17 2 1
github.com/flyteorg/flytectl/cmd/create/project.go:70.17,72.4 1 0
github.com/flyteorg/flytectl/cmd/create/serialization_utils.go:14.135,16.30 2 9
github.com/flyteorg/flytectl/cmd/create/serialization_utils.go:25.2,25.46 1 6
github.com/flyteorg/flytectl/cmd/create/serialization_utils.go:16.30,18.15 2 10
github.com/flyteorg/flytectl/cmd/create/serialization_utils.go:22.3,22.15 1 7
github.com/flyteorg/flytectl/cmd/create/serialization_utils.go:18.15,20.4 1 3
github.com/flyteorg/flytectl/cmd/create/serialization_utils.go:31.134,33.31 2 7
github.com/flyteorg/flytectl/cmd/create/serialization_utils.go:43.2,43.46 1 4
github.com/flyteorg/flytectl/cmd/create/serialization_utils.go:33.31,34.46 1 7
github.com/flyteorg/flytectl/cmd/create/serialization_utils.go:34.46,36.4 1 2
github.com/flyteorg/flytectl/cmd/create/serialization_utils.go:36.9,36.47 1 5
github.com/flyteorg/flytectl/cmd/create/serialization_utils.go:36.47,38.4 1 1
github.com/flyteorg/flytectl/cmd/create/serialization_utils.go:38.9,40.4 1 4
github.com/flyteorg/flytectl/cmd/create/serialization_utils.go:48.130,51.30 3 13
github.com/flyteorg/flytectl/cmd/create/serialization_utils.go:61.2,61.20 1 11
github.com/flyteorg/flytectl/cmd/create/serialization_utils.go:51.30,52.42 1 15
github.com/flyteorg/flytectl/cmd/create/serialization_utils.go:52.42,53.71 1 14
github.com/flyteorg/flytectl/cmd/create/serialization_utils.go:53.71,55.5 1 1
github.com/flyteorg/flytectl/cmd/create/serialization_utils.go:56.9,58.4 1 1
github.com/flyteorg/flytectl/cmd/create/create.go:22.43,36.2 4 1
github.com/flyteorg/flytectl/cmd/create/execution.go:184.102,189.19 4 11
github.com/flyteorg/flytectl/cmd/create/execution.go:193.2,194.16 2 11
github.com/flyteorg/flytectl/cmd/create/execution.go:197.2,198.29 2 8
github.com/flyteorg/flytectl/cmd/create/execution.go:217.2,217.28 1 4
github.com/flyteorg/flytectl/cmd/create/execution.go:226.2,226.12 1 3
github.com/flyteorg/flytectl/cmd/create/execution.go:189.19,191.3 1 1
github.com/flyteorg/flytectl/cmd/create/execution.go:194.16,196.3 1 3
github.com/flyteorg/flytectl/cmd/create/execution.go:199.16,200.119 1 1
github.com/flyteorg/flytectl/cmd/create/execution.go:201.15,202.118 1 1
github.com/flyteorg/flytectl/cmd/create/execution.go:203.12,205.17 2 4
github.com/flyteorg/flytectl/cmd/create/execution.go:208.16,210.17 2 2
github.com/flyteorg/flytectl/cmd/create/execution.go:213.10,214.70 1 0
github.com/flyteorg/flytectl/cmd/create/execution.go:205.17,207.4 1 1
github.com/flyteorg/flytectl/cmd/create/execution.go:210.17,212.4 1 1
github.com/flyteorg/flytectl/cmd/create/execution.go:217.28,219.3 1 1
github.com/flyteorg/flytectl/cmd/create/execution.go:219.8,221.18 2 3
github.com/flyteorg/flytectl/cmd/create/execution.go:224.3,224.51 1 2
github.com/flyteorg/flytectl/cmd/create/execution.go:221.18,223.4 1 1
github.com/flyteorg/flytectl/cmd/delete/execution.go:63.102,64.33 1 3
github.com/flyteorg/flytectl/cmd/delete/execution.go:84.2,84.12 1 1
github.com/flyteorg/flytectl/cmd/delete/execution.go:64.33,67.47 3 5
github.com/flyteorg/flytectl/cmd/delete/execution.go:82.3,82.67 1 3
github.com/flyteorg/flytectl/cmd/delete/execution.go:67.47,69.4 1 0
github.com/flyteorg/flytectl/cmd/delete/execution.go:69.9,77.18 2 5
github.com/flyteorg/flytectl/cmd/delete/execution.go:77.18,80.5 2 2
github.com/flyteorg/flytectl/cmd/delete/matchable_execution_cluster_label.go:49.107,55.33 4 8
github.com/flyteorg/flytectl/cmd/delete/matchable_execution_cluster_label.go:64.2,70.82 4 6
github.com/flyteorg/flytectl/cmd/delete/matchable_execution_cluster_label.go:74.2,74.12 1 4
github.com/flyteorg/flytectl/cmd/delete/matchable_execution_cluster_label.go:55.33,59.83 2 4
github.com/flyteorg/flytectl/cmd/delete/matchable_execution_cluster_label.go:59.83,61.4 1 2
github.com/flyteorg/flytectl/cmd/delete/matchable_execution_cluster_label.go:70.82,72.3 1 2
github.com/flyteorg/flytectl/cmd/delete/matchable_plugin_override.go:54.100,60.33 4 8
github.com/flyteorg/flytectl/cmd/delete/matchable_plugin_override.go:69.2,75.74 4 6
github.com/flyteorg/flytectl/cmd/delete/matchable_plugin_override.go:79.2,79.12 1 4
github.com/flyteorg/flytectl/cmd/delete/matchable_plugin_override.go:60.33,64.83 2 4
github.com/flyteorg/flytectl/cmd/delete/matchable_plugin_override.go:64.83,66.4 1 2
github.com/flyteorg/flytectl/cmd/delete/matchable_plugin_override.go:75.74,77.3 1 2
github.com/flyteorg/flytectl/cmd/delete/matchable_task_resource_attribute.go:54.108,60.33 4 8
github.com/flyteorg/flytectl/cmd/delete/matchable_task_resource_attribute.go:69.2,75.72 4 6
github.com/flyteorg/flytectl/cmd/delete/matchable_task_resource_attribute.go:79.2,79.12 1 4
github.com/flyteorg/flytectl/cmd/delete/matchable_task_resource_attribute.go:60.33,64.83 2 4
github.com/flyteorg/flytectl/cmd/delete/matchable_task_resource_attribute.go:64.83,66.4 1 2
github.com/flyteorg/flytectl/cmd/delete/matchable_task_resource_attribute.go:75.72,77.3 1 2
github.com/flyteorg/flytectl/cmd/delete/matchable_workflow_execution_config.go:53.109,59.33 4 8
github.com/flyteorg/flytectl/cmd/delete/matchable_workflow_execution_config.go:68.2,74.84 4 6
github.com/flyteorg/flytectl/cmd/delete/matchable_workflow_execution_config.go:78.2,78.12 1 4
github.com/flyteorg/flytectl/cmd/delete/matchable_workflow_execution_config.go:59.33,63.83 2 4
github.com/flyteorg/flytectl/cmd/delete/matchable_workflow_execution_config.go:63.83,65.4 1 2
github.com/flyteorg/flytectl/cmd/delete/matchable_workflow_execution_config.go:74.84,76.3 1 2
github.com/flyteorg/flytectl/cmd/delete/delete.go:28.43,58.2 4 1
github.com/flyteorg/flytectl/cmd/delete/matchable_attribute_util.go:12.91,13.27 1 36
github.com/flyteorg/flytectl/cmd/delete/matchable_attribute_util.go:36.2,36.12 1 24
github.com/flyteorg/flytectl/cmd/delete/matchable_attribute_util.go:13.27,15.13 1 18
github.com/flyteorg/flytectl/cmd/delete/matchable_attribute_util.go:23.3,23.123 1 12
github.com/flyteorg/flytectl/cmd/delete/matchable_attribute_util.go:15.13,17.4 1 0
github.com/flyteorg/flytectl/cmd/delete/matchable_attribute_util.go:17.9,19.18 2 18
github.com/flyteorg/flytectl/cmd/delete/matchable_attribute_util.go:19.18,21.5 1 6
github.com/flyteorg/flytectl/cmd/delete/matchable_attribute_util.go:24.8,26.13 1 18
github.com/flyteorg/flytectl/cmd/delete/matchable_attribute_util.go:34.3,34.93 1 12
github.com/flyteorg/flytectl/cmd/delete/matchable_attribute_util.go:26.13,28.4 1 0
github.com/flyteorg/flytectl/cmd/delete/matchable_attribute_util.go:28.9,30.18 2 18
github.com/flyteorg/flytectl/cmd/delete/matchable_attribute_util.go:30.18,32.5 1 6
github.com/flyteorg/flytectl/cmd/delete/matchable_cluster_resource_attribute.go:52.111,58.33 4 8
github.com/flyteorg/flytectl/cmd/delete/matchable_cluster_resource_attribute.go:67.2,73.75 4 6
github.com/flyteorg/flytectl/cmd/delete/matchable_cluster_resource_attribute.go:77.2,77.12 1 4
github.com/flyteorg/flytectl/cmd/delete/matchable_cluster_resource_attribute.go:58.33,62.83 2 4
github.com/flyteorg/flytectl/cmd/delete/matchable_cluster_resource_attribute.go:62.83,64.4 1 2
github.com/flyteorg/flytectl/cmd/delete/matchable_cluster_resource_attribute.go:73.75,75.3 1 2
github.com/flyteorg/flytectl/cmd/delete/matchable_execution_queue_attribute.go:53.110,59.33 4 8
github.com/flyteorg/flytectl/cmd/delete/matchable_execution_queue_attribute.go:68.2,74.74 4 6
github.com/flyteorg/flytectl/cmd/delete/matchable_execution_queue_attribute.go:78.2,78.12 1 4
github.com/flyteorg/flytectl/cmd/delete/matchable_execution_queue_attribute.go:59.33,63.83 2 4
github.com/flyteorg/flytectl/cmd/delete/matchable_execution_queue_attribute.go:63.83,65.4 1 2
github.com/flyteorg/flytectl/cmd/delete/matchable_execution_queue_attribute.go:74.74,76.3 1 2
github.com/flyteorg/flytectl/cmd/get/node_execution.go:51.56,54.67 3 4
github.com/flyteorg/flytectl/cmd/get/node_execution.go:57.2,57.25 1 4
github.com/flyteorg/flytectl/cmd/get/node_execution.go:54.67,56.3 1 0
github.com/flyteorg/flytectl/cmd/get/node_execution.go:61.56,64.2 2 0
github.com/flyteorg/flytectl/cmd/get/node_execution.go:71.56,74.67 3 2
github.com/flyteorg/flytectl/cmd/get/node_execution.go:77.2,77.25 1 2
github.com/flyteorg/flytectl/cmd/get/node_execution.go:74.67,76.3 1 0
github.com/flyteorg/flytectl/cmd/get/node_execution.go:81.56,84.2 2 0
github.com/flyteorg/flytectl/cmd/get/node_execution.go:103.155,107.16 3 9
github.com/flyteorg/flytectl/cmd/get/node_execution.go:111.2,113.23 2 6
github.com/flyteorg/flytectl/cmd/get/node_execution.go:122.2,122.57 1 6
github.com/flyteorg/flytectl/cmd/get/node_execution.go:126.2,126.33 1 6
github.com/flyteorg/flytectl/cmd/get/node_execution.go:107.16,109.3 1 3
github.com/flyteorg/flytectl/cmd/get/node_execution.go:113.23,115.42 1 5
github.com/flyteorg/flytectl/cmd/get/node_execution.go:115.42,117.4 1 3
github.com/flyteorg/flytectl/cmd/get/node_execution.go:118.8,120.3 1 1
github.com/flyteorg/flytectl/cmd/get/node_execution.go:122.57,124.3 1 2
github.com/flyteorg/flytectl/cmd/get/node_execution.go:130.119,133.16 2 10
github.com/flyteorg/flytectl/cmd/get/node_execution.go:137.2,138.55 2 9
github.com/flyteorg/flytectl/cmd/get/node_execution.go:184.2,184.30 1 4
github.com/flyteorg/flytectl/cmd/get/node_execution.go:133.16,135.3 1 1
github.com/flyteorg/flytectl/cmd/get/node_execution.go:138.55,145.65 3 10
github.com/flyteorg/flytectl/cmd/get/node_execution.go:178.3,180.58 2 8
github.com/flyteorg/flytectl/cmd/get/node_execution.go:145.65,147.18 2 1
github.com/flyteorg/flytectl/cmd/get/node_execution.go:147.18,149.5 1 0
github.com/flyteorg/flytectl/cmd/get/node_execution.go:150.9,153.18 2 9
github.com/flyteorg/flytectl/cmd/get/node_execution.go:156.4,156.57 1 8
github.com/flyteorg/flytectl/cmd/get/node_execution.go:163.4,164.18 2 8
github.com/flyteorg/flytectl/cmd/get/node_execution.go:168.4,169.18 2 7
github.com/flyteorg/flytectl/cmd/get/node_execution.go:173.4,174.18 2 7
github.com/flyteorg/flytectl/cmd/get/node_execution.go:153.18,155.5 1 1
github.com/flyteorg/flytectl/cmd/get/node_execution.go:156.57,161.5 2 16
github.com/flyteorg/flytectl/cmd/get/node_execution.go:164.18,166.5 1 1
github.com/flyteorg/flytectl/cmd/get/node_execution.go:169.18,171.5 1 0
github.com/flyteorg/flytectl/cmd/get/node_execution.go:174.18,176.5 1 0
github.com/flyteorg/flytectl/cmd/get/node_execution.go:180.58,182.4 1 3
github.com/flyteorg/flytectl/cmd/get/node_execution.go:187.97,188.32 1 3
github.com/flyteorg/flytectl/cmd/get/node_execution.go:191.2,191.21 1 3
github.com/flyteorg/flytectl/cmd/get/node_execution.go:195.2,195.54 1 3
github.com/flyteorg/flytectl/cmd/get/node_execution.go:198.2,198.51 1 3
github.com/flyteorg/flytectl/cmd/get/node_execution.go:188.32,190.3 1 0
github.com/flyteorg/flytectl/cmd/get/node_execution.go:191.21,193.3 1 0
github.com/flyteorg/flytectl/cmd/get/node_execution.go:195.54,197.3 1 3
github.com/flyteorg/flytectl/cmd/get/node_execution.go:198.51,205.46 5 6
github.com/flyteorg/flytectl/cmd/get/node_execution.go:220.3,220.67 1 6
github.com/flyteorg/flytectl/cmd/get/node_execution.go:224.3,225.56 2 6
github.com/flyteorg/flytectl/cmd/get/node_execution.go:205.46,210.83 5 6
github.com/flyteorg/flytectl/cmd/get/node_execution.go:213.4,214.77 2 6
github.com/flyteorg/flytectl/cmd/get/node_execution.go:210.83,212.5 1 6
github.com/flyteorg/flytectl/cmd/get/node_execution.go:214.77,217.5 2 6
github.com/flyteorg/flytectl/cmd/get/node_execution.go:220.67,222.4 1 6
github.com/flyteorg/flytectl/cmd/get/node_execution.go:225.56,228.4 2 12
github.com/flyteorg/flytectl/cmd/get/node_execution.go:232.113,233.21 1 3
github.com/flyteorg/flytectl/cmd/get/node_execution.go:236.2,236.37 1 3
github.com/flyteorg/flytectl/cmd/get/node_execution.go:240.2,240.59 1 2
github.com/flyteorg/flytectl/cmd/get/node_execution.go:244.2,244.56 1 2
github.com/flyteorg/flytectl/cmd/get/node_execution.go:253.2,253.17 1 2
github.com/flyteorg/flytectl/cmd/get/node_execution.go:233.21,235.3 1 3
github.com/flyteorg/flytectl/cmd/get/node_execution.go:236.37,238.3 1 1
github.com/flyteorg/flytectl/cmd/get/node_execution.go:240.59,242.3 1 1
github.com/flyteorg/flytectl/cmd/get/node_execution.go:244.56,248.42 2 3
github.com/flyteorg/flytectl/cmd/get/node_execution.go:251.3,251.72 1 3
github.com/flyteorg/flytectl/cmd/get/node_execution.go:248.42,250.4 1 0
github.com/flyteorg/flytectl/cmd/get/node_execution.go:256.85,258.53 2 16
github.com/flyteorg/flytectl/cmd/get/node_execution.go:261.2,261.51 1 14
github.com/flyteorg/flytectl/cmd/get/node_execution.go:268.2,268.15 1 14
github.com/flyteorg/flytectl/cmd/get/node_execution.go:258.53,260.3 1 2
github.com/flyteorg/flytectl/cmd/get/node_execution.go:261.51,263.17 2 14
github.com/flyteorg/flytectl/cmd/get/node_execution.go:266.3,266.31 1 14
github.com/flyteorg/flytectl/cmd/get/node_execution.go:263.17,265.4 1 0
github.com/flyteorg/flytectl/cmd/get/matchable_execution_cluster_label.go:60.104,68.20 6 6
github.com/flyteorg/flytectl/cmd/get/matchable_execution_cluster_label.go:72.2,78.98 3 6
github.com/flyteorg/flytectl/cmd/get/matchable_execution_cluster_label.go:83.2,83.96 1 4
[...]
github.com/flyteorg/flytectl/pkg/visualize/graphviz.go:43.30,51.17 2 9
github.com/flyteorg/flytectl/pkg/visualize/graphviz.go:54.3,54.30 1 9
github.com/flyteorg/flytectl/pkg/visualize/graphviz.go:51.17,53.4 1 0
github.com/flyteorg/flytectl/pkg/visualize/graphviz.go:59.65,61.2 1 8
github.com/flyteorg/flytectl/pkg/visualize/graphviz.go:63.67,65.2 1 3
github.com/flyteorg/flytectl/pkg/visualize/graphviz.go:67.63,68.34 1 11
github.com/flyteorg/flytectl/pkg/visualize/graphviz.go:71.2,71.49 1 8
github.com/flyteorg/flytectl/pkg/visualize/graphviz.go:68.34,70.3 1 3
github.com/flyteorg/flytectl/pkg/visualize/graphviz.go:74.97,79.2 4 7
github.com/flyteorg/flytectl/pkg/visualize/graphviz.go:81.95,86.2 4 4
github.com/flyteorg/flytectl/pkg/visualize/graphviz.go:88.135,90.48 2 7
github.com/flyteorg/flytectl/pkg/visualize/graphviz.go:94.2,96.34 3 7
github.com/flyteorg/flytectl/pkg/visualize/graphviz.go:90.48,93.3 2 7
github.com/flyteorg/flytectl/pkg/visualize/graphviz.go:99.110,104.2 4 1
github.com/flyteorg/flytectl/pkg/visualize/graphviz.go:106.124,108.48 2 7
github.com/flyteorg/flytectl/pkg/visualize/graphviz.go:111.2,113.34 3 7
github.com/flyteorg/flytectl/pkg/visualize/graphviz.go:108.48,110.3 1 7
github.com/flyteorg/flytectl/pkg/visualize/graphviz.go:116.40,117.18 1 35
github.com/flyteorg/flytectl/pkg/visualize/graphviz.go:120.2,120.11 1 24
github.com/flyteorg/flytectl/pkg/visualize/graphviz.go:117.18,119.3 1 11
github.com/flyteorg/flytectl/pkg/visualize/graphviz.go:137.114,139.43 2 9
github.com/flyteorg/flytectl/pkg/visualize/graphviz.go:151.2,151.12 1 7
github.com/flyteorg/flytectl/pkg/visualize/graphviz.go:139.43,141.43 2 9
github.com/flyteorg/flytectl/pkg/visualize/graphviz.go:144.3,146.17 3 9
github.com/flyteorg/flytectl/pkg/visualize/graphviz.go:149.3,149.67 1 7
github.com/flyteorg/flytectl/pkg/visualize/graphviz.go:141.43,143.4 1 2
github.com/flyteorg/flytectl/pkg/visualize/graphviz.go:146.17,148.4 1 2
github.com/flyteorg/flytectl/pkg/visualize/graphviz.go:154.136,156.16 2 7
github.com/flyteorg/flytectl/pkg/visualize/graphviz.go:159.2,161.42 2 5
github.com/flyteorg/flytectl/pkg/visualize/graphviz.go:165.2,166.16 2 4
github.com/flyteorg/flytectl/pkg/visualize/graphviz.go:169.2,169.149 1 3
github.com/flyteorg/flytectl/pkg/visualize/graphviz.go:173.2,173.53 1 2
github.com/flyteorg/flytectl/pkg/visualize/graphviz.go:193.2,193.53 1 2
github.com/flyteorg/flytectl/pkg/visualize/graphviz.go:204.2,204.30 1 2
github.com/flyteorg/flytectl/pkg/visualize/graphviz.go:156.16,158.3 1 2
github.com/flyteorg/flytectl/pkg/visualize/graphviz.go:161.42,163.3 1 1
github.com/flyteorg/flytectl/pkg/visualize/graphviz.go:166.16,168.3 1 1
github.com/flyteorg/flytectl/pkg/visualize/graphviz.go:169.149,171.3 1 1
github.com/flyteorg/flytectl/pkg/visualize/graphviz.go:173.53,176.17 3 1
github.com/flyteorg/flytectl/pkg/visualize/graphviz.go:179.3,180.93 2 1
github.com/flyteorg/flytectl/pkg/visualize/graphviz.go:176.17,178.4 1 0
github.com/flyteorg/flytectl/pkg/visualize/graphviz.go:180.93,182.4 1 0
github.com/flyteorg/flytectl/pkg/visualize/graphviz.go:183.8,185.17 2 1
github.com/flyteorg/flytectl/pkg/visualize/graphviz.go:188.3,188.89 1 1
github.com/flyteorg/flytectl/pkg/visualize/graphviz.go:185.17,187.4 1 0
github.com/flyteorg/flytectl/pkg/visualize/graphviz.go:188.89,190.4 1 0
github.com/flyteorg/flytectl/pkg/visualize/graphviz.go:193.53,194.62 1 2
github.com/flyteorg/flytectl/pkg/visualize/graphviz.go:194.62,196.18 2 2
github.com/flyteorg/flytectl/pkg/visualize/graphviz.go:199.4,199.118 1 2
github.com/flyteorg/flytectl/pkg/visualize/graphviz.go:196.18,198.5 1 0
github.com/flyteorg/flytectl/pkg/visualize/graphviz.go:199.118,201.5 1 0
github.com/flyteorg/flytectl/pkg/visualize/graphviz.go:207.134,212.23 4 28
github.com/flyteorg/flytectl/pkg/visualize/graphviz.go:270.2,270.16 1 21
github.com/flyteorg/flytectl/pkg/visualize/graphviz.go:273.2,274.16 2 19
github.com/flyteorg/flytectl/pkg/visualize/graphviz.go:212.23,215.3 2 7
github.com/flyteorg/flytectl/pkg/visualize/graphviz.go:215.8,215.28 1 21
github.com/flyteorg/flytectl/pkg/visualize/graphviz.go:215.28,218.3 2 4
github.com/flyteorg/flytectl/pkg/visualize/graphviz.go:218.8,219.26 1 17
github.com/flyteorg/flytectl/pkg/visualize/graphviz.go:220.28,223.11 3 8
github.com/flyteorg/flytectl/pkg/visualize/graphviz.go:226.4,227.18 2 7
github.com/flyteorg/flytectl/pkg/visualize/graphviz.go:230.4,230.43 1 7
github.com/flyteorg/flytectl/pkg/visualize/graphviz.go:231.30,235.18 4 4
github.com/flyteorg/flytectl/pkg/visualize/graphviz.go:238.4,239.18 2 3
github.com/flyteorg/flytectl/pkg/visualize/graphviz.go:242.4,242.46 1 2
github.com/flyteorg/flytectl/pkg/visualize/graphviz.go:243.32,244.53 1 5
github.com/flyteorg/flytectl/pkg/visualize/graphviz.go:223.11,225.5 1 1
github.com/flyteorg/flytectl/pkg/visualize/graphviz.go:227.18,229.5 1 0
github.com/flyteorg/flytectl/pkg/visualize/graphviz.go:235.18,237.5 1 1
github.com/flyteorg/flytectl/pkg/visualize/graphviz.go:239.18,241.5 1 1
github.com/flyteorg/flytectl/pkg/visualize/graphviz.go:244.53,247.19 3 1
github.com/flyteorg/flytectl/pkg/visualize/graphviz.go:247.19,249.6 1 1
github.com/flyteorg/flytectl/pkg/visualize/graphviz.go:250.10,254.19 4 4
github.com/flyteorg/flytectl/pkg/visualize/graphviz.go:257.5,259.12 3 3
github.com/flyteorg/flytectl/pkg/visualize/graphviz.go:262.5,262.80 1 2
github.com/flyteorg/flytectl/pkg/visualize/graphviz.go:265.5,266.44 2 1
github.com/flyteorg/flytectl/pkg/visualize/graphviz.go:254.19,256.6 1 1
github.com/flyteorg/flytectl/pkg/visualize/graphviz.go:259.12,261.6 1 1
github.com/flyteorg/flytectl/pkg/visualize/graphviz.go:262.80,264.6 1 1
github.com/flyteorg/flytectl/pkg/visualize/graphviz.go:270.16,272.3 1 2
github.com/flyteorg/flytectl/pkg/visualize/graphviz.go:277.90,280.22 3 25
github.com/flyteorg/flytectl/pkg/visualize/graphviz.go:283.2,283.54 1 25
github.com/flyteorg/flytectl/pkg/visualize/graphviz.go:298.2,298.12 1 25
github.com/flyteorg/flytectl/pkg/visualize/graphviz.go:280.22,282.3 1 0
github.com/flyteorg/flytectl/pkg/visualize/graphviz.go:283.54,287.50 2 15
github.com/flyteorg/flytectl/pkg/visualize/graphviz.go:290.3,290.48 1 15
github.com/flyteorg/flytectl/pkg/visualize/graphviz.go:293.3,294.17 2 15
github.com/flyteorg/flytectl/pkg/visualize/graphviz.go:287.50,289.4 1 5
github.com/flyteorg/flytectl/pkg/visualize/graphviz.go:290.48,292.4 1 4
github.com/flyteorg/flytectl/pkg/visualize/graphviz.go:294.17,296.4 1 0
github.com/flyteorg/flytectl/pkg/visualize/graphviz.go:301.129,302.35 1 4
github.com/flyteorg/flytectl/pkg/visualize/graphviz.go:305.2,305.37 1 4
github.com/flyteorg/flytectl/pkg/visualize/graphviz.go:311.2,311.34 1 3
github.com/flyteorg/flytectl/pkg/visualize/graphviz.go:329.2,329.12 1 3
github.com/flyteorg/flytectl/pkg/visualize/graphviz.go:302.35,304.3 1 0
github.com/flyteorg/flytectl/pkg/visualize/graphviz.go:305.37,306.80 1 12
github.com/flyteorg/flytectl/pkg/visualize/graphviz.go:306.80,308.4 1 1
github.com/flyteorg/flytectl/pkg/visualize/graphviz.go:311.34,314.29 3 17
github.com/flyteorg/flytectl/pkg/visualize/graphviz.go:321.3,321.27 1 17
github.com/flyteorg/flytectl/pkg/visualize/graphviz.go:314.29,315.42 1 8
github.com/flyteorg/flytectl/pkg/visualize/graphviz.go:315.42,316.54 1 10
github.com/flyteorg/flytectl/pkg/visualize/graphviz.go:316.54,318.6 1 0
github.com/flyteorg/flytectl/pkg/visualize/graphviz.go:321.27,322.40 1 13
github.com/flyteorg/flytectl/pkg/visualize/graphviz.go:322.40,323.54 1 15
github.com/flyteorg/flytectl/pkg/visualize/graphviz.go:323.54,325.6 1 0
github.com/flyteorg/flytectl/pkg/visualize/graphviz.go:332.109,338.28 5 2
github.com/flyteorg/flytectl/pkg/visualize/graphviz.go:344.2,346.37 3 2
github.com/flyteorg/flytectl/pkg/visualize/graphviz.go:352.2,354.65 2 2
github.com/flyteorg/flytectl/pkg/visualize/graphviz.go:338.28,339.48 1 3
github.com/flyteorg/flytectl/pkg/visualize/graphviz.go:342.3,342.38 1 3
github.com/flyteorg/flytectl/pkg/visualize/graphviz.go:339.48,341.4 1 0
github.com/flyteorg/flytectl/pkg/visualize/graphviz.go:346.37,347.52 1 1
github.com/flyteorg/flytectl/pkg/visualize/graphviz.go:350.3,350.42 1 1
github.com/flyteorg/flytectl/pkg/visualize/graphviz.go:347.52,349.4 1 0
github.com/flyteorg/flytectl/pkg/visualize/graphviz.go:357.38,363.2 1 20
github.com/flyteorg/flytectl/pkg/visualize/graphviz.go:365.61,370.2 4 3
github.com/flyteorg/flytectl/pkg/visualize/graphviz.go:373.70,374.14 1 2
github.com/flyteorg/flytectl/pkg/visualize/graphviz.go:377.2,379.16 3 2
github.com/flyteorg/flytectl/pkg/visualize/graphviz.go:382.2,382.28 1 2
github.com/flyteorg/flytectl/pkg/visualize/graphviz.go:374.14,376.3 1 0
github.com/flyteorg/flytectl/pkg/visualize/graphviz.go:379.16,381.3 1 0
github.com/flyteorg/flytectl/pkg/visualize/graphvizer.go:23.56,25.2 1 16
github.com/flyteorg/flytectl/pkg/visualize/graphvizer.go:28.62,30.2 1 6
github.com/flyteorg/flytectl/pkg/visualize/graphvizer.go:33.58,35.2 1 25
github.com/flyteorg/flytectl/pkg/sandbox/start.go:41.86,43.16 2 6
github.com/flyteorg/flytectl/pkg/sandbox/start.go:46.2,47.35 2 6
github.com/flyteorg/flytectl/pkg/sandbox/start.go:54.2,54.15 1 6
github.com/flyteorg/flytectl/pkg/sandbox/start.go:57.2,57.19 1 4
github.com/flyteorg/flytectl/pkg/sandbox/start.go:43.16,45.3 1 0
github.com/flyteorg/flytectl/pkg/sandbox/start.go:47.35,48.38 1 6
github.com/flyteorg/flytectl/pkg/sandbox/start.go:48.38,49.61 1 2
github.com/flyteorg/flytectl/pkg/sandbox/start.go:49.61,51.5 1 2
github.com/flyteorg/flytectl/pkg/sandbox/start.go:54.15,56.3 1 2
github.com/flyteorg/flytectl/pkg/sandbox/start.go:60.39,61.92 1 3
github.com/flyteorg/flytectl/pkg/sandbox/start.go:64.2,64.14 1 0
github.com/flyteorg/flytectl/pkg/sandbox/start.go:61.92,63.3 1 3
github.com/flyteorg/flytectl/pkg/sandbox/start.go:67.77,78.16 10 0
github.com/flyteorg/flytectl/pkg/sandbox/start.go:81.2,81.27 1 0
github.com/flyteorg/flytectl/pkg/sandbox/start.go:89.2,89.12 1 0
github.com/flyteorg/flytectl/pkg/sandbox/start.go:78.16,80.3 1 0
github.com/flyteorg/flytectl/pkg/sandbox/start.go:81.27,82.38 1 0
github.com/flyteorg/flytectl/pkg/sandbox/start.go:85.3,85.17 1 0
github.com/flyteorg/flytectl/pkg/sandbox/start.go:82.38,84.4 1 0
github.com/flyteorg/flytectl/pkg/sandbox/start.go:86.8,88.3 1 0
github.com/flyteorg/flytectl/pkg/sandbox/start.go:92.105,94.16 2 4
github.com/flyteorg/flytectl/pkg/sandbox/start.go:97.2,97.18 1 4
github.com/flyteorg/flytectl/pkg/sandbox/start.go:94.16,96.3 1 0
github.com/flyteorg/flytectl/pkg/sandbox/start.go:100.89,106.6 5 4
github.com/flyteorg/flytectl/pkg/sandbox/start.go:150.2,150.12 1 3
github.com/flyteorg/flytectl/pkg/sandbox/start.go:106.6,108.17 2 4
github.com/flyteorg/flytectl/pkg/sandbox/start.go:111.3,111.14 1 4
github.com/flyteorg/flytectl/pkg/sandbox/start.go:115.3,116.17 2 3
github.com/flyteorg/flytectl/pkg/sandbox/start.go:119.3,129.17 8 3
github.com/flyteorg/flytectl/pkg/sandbox/start.go:147.3,147.31 1 0
github.com/flyteorg/flytectl/pkg/sandbox/start.go:108.17,110.4 1 0
github.com/flyteorg/flytectl/pkg/sandbox/start.go:111.14,113.4 1 1
github.com/flyteorg/flytectl/pkg/sandbox/start.go:116.17,118.4 1 0
github.com/flyteorg/flytectl/pkg/sandbox/start.go:129.17,130.33 1 3
github.com/flyteorg/flytectl/pkg/sandbox/start.go:138.4,139.22 2 3
github.com/flyteorg/flytectl/pkg/sandbox/start.go:130.33,131.22 1 3
github.com/flyteorg/flytectl/pkg/sandbox/start.go:134.5,134.37 1 3
github.com/flyteorg/flytectl/pkg/sandbox/start.go:131.22,133.6 1 3
github.com/flyteorg/flytectl/pkg/sandbox/start.go:134.37,136.6 1 0
github.com/flyteorg/flytectl/pkg/sandbox/start.go:139.22,140.10 1 3
github.com/flyteorg/flytectl/pkg/sandbox/start.go:142.9,145.4 2 0
github.com/flyteorg/flytectl/pkg/sandbox/start.go:153.66,154.19 1 10
github.com/flyteorg/flytectl/pkg/sandbox/start.go:165.2,165.17 1 3
github.com/flyteorg/flytectl/pkg/sandbox/start.go:154.19,156.17 2 7
github.com/flyteorg/flytectl/pkg/sandbox/start.go:159.3,163.9 1 7
github.com/flyteorg/flytectl/pkg/sandbox/start.go:156.17,158.4 1 0
github.com/flyteorg/flytectl/pkg/sandbox/start.go:168.73,175.2 3 2
github.com/flyteorg/flytectl/pkg/sandbox/start.go:177.315,180.63 2 15
github.com/flyteorg/flytectl/pkg/sandbox/start.go:189.2,189.45 1 10
github.com/flyteorg/flytectl/pkg/sandbox/start.go:193.2,197.116 2 10
github.com/flyteorg/flytectl/pkg/sandbox/start.go:201.2,202.78 2 10
github.com/flyteorg/flytectl/pkg/sandbox/start.go:207.2,208.28 2 10
github.com/flyteorg/flytectl/pkg/sandbox/start.go:217.2,218.134 2 9
github.com/flyteorg/flytectl/pkg/sandbox/start.go:222.2,226.16 3 8
github.com/flyteorg/flytectl/pkg/sandbox/start.go:231.2,232.16 2 7
github.com/flyteorg/flytectl/pkg/sandbox/start.go:236.2,236.23 1 6
github.com/flyteorg/flytectl/pkg/sandbox/start.go:180.63,181.48 1 5
github.com/flyteorg/flytectl/pkg/sandbox/start.go:184.3,186.18 3 1
github.com/flyteorg/flytectl/pkg/sandbox/start.go:181.48,183.4 1 4
github.com/flyteorg/flytectl/pkg/sandbox/start.go:189.45,191.3 1 0
github.com/flyteorg/flytectl/pkg/sandbox/start.go:197.116,199.3 1 0
github.com/flyteorg/flytectl/pkg/sandbox/start.go:202.78,204.3 1 0
github.com/flyteorg/flytectl/pkg/sandbox/start.go:204.8,204.23 1 10
github.com/flyteorg/flytectl/pkg/sandbox/start.go:204.23,206.3 1 7
github.com/flyteorg/flytectl/pkg/sandbox/start.go:208.28,210.17 2 3
github.com/flyteorg/flytectl/pkg/sandbox/start.go:213.3,215.68 3 2
github.com/flyteorg/flytectl/pkg/sandbox/start.go:210.17,212.4 1 1
github.com/flyteorg/flytectl/pkg/sandbox/start.go:218.134,220.3 1 1
github.com/flyteorg/flytectl/pkg/sandbox/start.go:226.16,229.3 2 1
github.com/flyteorg/flytectl/pkg/sandbox/start.go:232.16,234.3 1 1
github.com/flyteorg/flytectl/pkg/sandbox/start.go:239.76,257.16 2 1
github.com/flyteorg/flytectl/pkg/sandbox/start.go:257.16,259.3 1 0
github.com/flyteorg/flytectl/pkg/sandbox/start.go:262.266,264.16 2 4
github.com/flyteorg/flytectl/pkg/sandbox/start.go:268.2,271.16 3 4
github.com/flyteorg/flytectl/pkg/sandbox/start.go:274.2,274.19 1 2
github.com/flyteorg/flytectl/pkg/sandbox/start.go:278.2,278.19 1 2
github.com/flyteorg/flytectl/pkg/sandbox/start.go:309.2,309.12 1 2
github.com/flyteorg/flytectl/pkg/sandbox/start.go:264.16,266.3 1 0
github.com/flyteorg/flytectl/pkg/sandbox/start.go:271.16,273.3 1 2
github.com/flyteorg/flytectl/pkg/sandbox/start.go:274.19,276.3 1 2
github.com/flyteorg/flytectl/pkg/sandbox/start.go:278.19,281.17 2 2
github.com/flyteorg/flytectl/pkg/sandbox/start.go:287.3,287.17 1 2
github.com/flyteorg/flytectl/pkg/sandbox/start.go:290.3,290.89 1 2
github.com/flyteorg/flytectl/pkg/sandbox/start.go:294.3,294.71 1 2
github.com/flyteorg/flytectl/pkg/sandbox/start.go:298.3,298.28 1 2
github.com/flyteorg/flytectl/pkg/sandbox/start.go:304.3,304.15 1 2
github.com/flyteorg/flytectl/pkg/sandbox/start.go:281.17,284.5 2 2
github.com/flyteorg/flytectl/pkg/sandbox/start.go:287.17,289.4 1 0
github.com/flyteorg/flytectl/pkg/sandbox/start.go:290.89,292.4 1 0
github.com/flyteorg/flytectl/pkg/sandbox/start.go:294.71,296.4 1 0
github.com/flyteorg/flytectl/pkg/sandbox/start.go:298.28,299.63 1 0
github.com/flyteorg/flytectl/pkg/sandbox/start.go:299.63,301.5 1 0
github.com/flyteorg/flytectl/pkg/sandbox/start.go:304.15,306.4 1 1
github.com/flyteorg/flytectl/pkg/sandbox/start.go:312.105,316.16 4 2
github.com/flyteorg/flytectl/pkg/sandbox/start.go:319.2,320.16 2 2
github.com/flyteorg/flytectl/pkg/sandbox/start.go:323.2,324.12 2 1
github.com/flyteorg/flytectl/pkg/sandbox/start.go:316.16,318.3 1 0
github.com/flyteorg/flytectl/pkg/sandbox/start.go:320.16,322.3 1 1
github.com/flyteorg/flytectl/pkg/sandbox/start.go:327.108,331.16 4 2
github.com/flyteorg/flytectl/pkg/sandbox/start.go:334.2,335.16 2 2
github.com/flyteorg/flytectl/pkg/sandbox/start.go:338.2,339.12 2 1
github.com/flyteorg/flytectl/pkg/sandbox/start.go:331.16,333.3 1 0
github.com/flyteorg/flytectl/pkg/sandbox/start.go:335.16,337.3 1 1
github.com/flyteorg/flytectl/pkg/sandbox/teardown.go:16.75,18.16 2 3
github.com/flyteorg/flytectl/pkg/sandbox/teardown.go:21.2,21.14 1 2
github.com/flyteorg/flytectl/pkg/sandbox/teardown.go:44.2,44.51 1 1
github.com/flyteorg/flytectl/pkg/sandbox/teardown.go:47.2,47.51 1 1
github.com/flyteorg/flytectl/pkg/sandbox/teardown.go:50.2,51.12 2 1
github.com/flyteorg/flytectl/pkg/sandbox/teardown.go:18.16,20.3 1 1
github.com/flyteorg/flytectl/pkg/sandbox/teardown.go:21.14,23.14 2 2
github.com/flyteorg/flytectl/pkg/sandbox/teardown.go:36.3,38.18 1 2
github.com/flyteorg/flytectl/pkg/sandbox/teardown.go:42.3,42.11 1 1
github.com/flyteorg/flytectl/pkg/sandbox/teardown.go:23.14,24.33 1 0
github.com/flyteorg/flytectl/pkg/sandbox/teardown.go:24.33,25.9 1 0
github.com/flyteorg/flytectl/pkg/sandbox/teardown.go:25.9,26.13 1 0
github.com/flyteorg/flytectl/pkg/sandbox/teardown.go:27.24,28.13 1 0
github.com/flyteorg/flytectl/pkg/sandbox/teardown.go:29.14,30.37 1 0
github.com/flyteorg/flytectl/pkg/sandbox/teardown.go:38.18,41.4 2 1
github.com/flyteorg/flytectl/pkg/sandbox/teardown.go:44.51,46.3 1 0
github.com/flyteorg/flytectl/pkg/sandbox/teardown.go:47.51,49.3 1 0
github.com/flyteorg/flytectl/pkg/sandbox/teardown.go:54.84,67.22 11 0
github.com/flyteorg/flytectl/pkg/sandbox/teardown.go:67.22,69.3 1 0
github.com/flyteorg/flytectl/pkg/sandbox/teardown.go:72.39,75.2 2 1
github.com/flyteorg/flytectl/cmd/upgrade/upgrade.go:55.74,67.2 2 1
github.com/flyteorg/flytectl/cmd/upgrade/upgrade.go:69.91,71.20 1 6
github.com/flyteorg/flytectl/cmd/upgrade/upgrade.go:86.2,86.62 1 2
github.com/flyteorg/flytectl/cmd/upgrade/upgrade.go:92.2,92.71 1 1
github.com/flyteorg/flytectl/cmd/upgrade/upgrade.go:97.2,97.12 1 1
github.com/flyteorg/flytectl/cmd/upgrade/upgrade.go:71.20,72.66 1 4
github.com/flyteorg/flytectl/cmd/upgrade/upgrade.go:75.3,76.17 2 2
github.com/flyteorg/flytectl/cmd/upgrade/upgrade.go:79.3,80.50 2 2
github.com/flyteorg/flytectl/cmd/upgrade/upgrade.go:83.3,83.49 1 1
github.com/flyteorg/flytectl/cmd/upgrade/upgrade.go:72.66,74.4 1 2
github.com/flyteorg/flytectl/cmd/upgrade/upgrade.go:76.17,78.4 1 0
github.com/flyteorg/flytectl/cmd/upgrade/upgrade.go:80.50,82.4 1 1
github.com/flyteorg/flytectl/cmd/upgrade/upgrade.go:86.62,88.3 1 1
github.com/flyteorg/flytectl/cmd/upgrade/upgrade.go:88.8,88.25 1 1
github.com/flyteorg/flytectl/cmd/upgrade/upgrade.go:88.25,90.3 1 0
github.com/flyteorg/flytectl/cmd/upgrade/upgrade.go:92.71,94.3 1 0
github.com/flyteorg/flytectl/cmd/upgrade/upgrade.go:94.8,94.29 1 1
github.com/flyteorg/flytectl/cmd/upgrade/upgrade.go:94.29,96.3 1 1
github.com/flyteorg/flytectl/cmd/upgrade/upgrade.go:100.50,102.16 2 2
github.com/flyteorg/flytectl/cmd/upgrade/upgrade.go:106.2,106.37 1 2
github.com/flyteorg/flytectl/cmd/upgrade/upgrade.go:113.2,113.16 1 0
github.com/flyteorg/flytectl/cmd/upgrade/upgrade.go:102.16,104.3 1 0
github.com/flyteorg/flytectl/cmd/upgrade/upgrade.go:106.37,108.17 2 2
github.com/flyteorg/flytectl/cmd/upgrade/upgrade.go:111.3,111.79 1 2
github.com/flyteorg/flytectl/cmd/upgrade/upgrade.go:108.17,110.4 1 0
github.com/flyteorg/flytectl/cmd/upgrade/upgrade.go:116.67,118.16 2 7
github.com/flyteorg/flytectl/cmd/upgrade/upgrade.go:122.2,122.92 1 7
github.com/flyteorg/flytectl/cmd/upgrade/upgrade.go:129.2,130.16 2 5
github.com/flyteorg/flytectl/cmd/upgrade/upgrade.go:133.2,133.89 1 5
github.com/flyteorg/flytectl/cmd/upgrade/upgrade.go:139.2,139.18 1 4
github.com/flyteorg/flytectl/cmd/upgrade/upgrade.go:118.16,120.3 1 0
github.com/flyteorg/flytectl/cmd/upgrade/upgrade.go:122.92,124.3 1 2
github.com/flyteorg/flytectl/cmd/upgrade/upgrade.go:124.8,124.23 1 5
github.com/flyteorg/flytectl/cmd/upgrade/upgrade.go:124.23,127.3 2 0
github.com/flyteorg/flytectl/cmd/upgrade/upgrade.go:130.16,132.3 1 0
github.com/flyteorg/flytectl/cmd/upgrade/upgrade.go:133.89,134.23 1 1
github.com/flyteorg/flytectl/cmd/upgrade/upgrade.go:137.3,137.20 1 1
github.com/flyteorg/flytectl/cmd/upgrade/upgrade.go:134.23,136.4 1 1
github.com/flyteorg/flytectl/cmd/upgrade/upgrade.go:142.59,143.52 1 7
github.com/flyteorg/flytectl/cmd/upgrade/upgrade.go:147.2,147.13 1 4
github.com/flyteorg/flytectl/cmd/upgrade/upgrade.go:143.52,146.3 2 3
