mode: atomic
github.com/flyteorg/flytectl/pkg/util/util.go:16.45,18.16 2 5
github.com/flyteorg/flytectl/pkg/util/util.go:21.2,24.16 3 4
github.com/flyteorg/flytectl/pkg/util/util.go:27.2,27.18 1 4
github.com/flyteorg/flytectl/pkg/util/util.go:18.16,20.3 1 1
github.com/flyteorg/flytectl/pkg/util/util.go:24.16,26.3 1 0
github.com/flyteorg/flytectl/pkg/util/util.go:30.50,33.16 3 2
github.com/flyteorg/flytectl/pkg/util/util.go:36.2,36.28 1 1
github.com/flyteorg/flytectl/pkg/util/util.go:33.16,35.3 1 1
github.com/flyteorg/flytectl/pkg/util/util.go:39.52,41.16 2 2
github.com/flyteorg/flytectl/pkg/util/util.go:44.2,44.12 1 1
github.com/flyteorg/flytectl/pkg/util/util.go:41.16,43.3 1 1
